#
# There is insufficient memory for the Java Runtime Environment to continue.
# Native memory allocation (malloc) failed to allocate 1203856 bytes for Chunk::new
# Possible reasons:
#   The system is out of physical RAM or swap space
#   The process is running with CompressedOops enabled, and the Java Heap may be blocking the growth of the native heap
# Possible solutions:
#   Reduce memory load on the system
#   Increase physical memory or swap space
#   Check if swap backing store is full
#   Decrease Java heap size (-Xmx/-Xms)
#   Decrease number of Java threads
#   Decrease Java thread stack sizes (-Xss)
#   Set larger code cache with -XX:ReservedCodeCacheSize=
#   JVM is running with Unscaled Compressed Oops mode in which the Java heap is
#     placed in the first 4GB address space. The Java Heap base address is the
#     maximum limit for the native heap growth. Please use -XX:HeapBaseMinAddress
#     to set the Java Heap base and to place the Java Heap above 4GB virtual address.
# This output file may be truncated or incomplete.
#
#  Out of Memory Error (allocation.cpp:389), pid=22220, tid=0x0000000000005af4
#
# JRE version: Java(TM) SE Runtime Environment (8.0_381) (build 1.8.0_381-b09)
# Java VM: Java HotSpot(TM) 64-Bit Server VM (25.381-b09 mixed mode windows-amd64 compressed oops)
# Failed to write core dump. Minidumps are not enabled by default on client versions of Windows
#

---------------  T H R E A D  ---------------

Current thread (0x000001e8dca47000):  JavaThread "C2 CompilerThread2" daemon [_thread_in_native, id=23284, stack(0x0000005125f00000,0x0000005126000000)]

Stack: [0x0000005125f00000,0x0000005126000000]
Native frames: (J=compiled Java code, j=interpreted, Vv=VM code, C=native code)
V  [jvm.dll+0x353039]
V  [jvm.dll+0x290052]
V  [jvm.dll+0x290c1d]
V  [jvm.dll+0x285255]
V  [jvm.dll+0xdb9bc]
V  [jvm.dll+0xdc1cc]
V  [jvm.dll+0x49d02d]
V  [jvm.dll+0x460665]
V  [jvm.dll+0x46992f]
V  [jvm.dll+0x468d29]
V  [jvm.dll+0x452a5b]
V  [jvm.dll+0xb0766]
V  [jvm.dll+0xaee3f]
V  [jvm.dll+0x251602]
V  [jvm.dll+0x2accec]
C  [ucrtbase.dll+0x29363]
C  [KERNEL32.DLL+0x1257d]
C  [ntdll.dll+0x5aa58]


Current CompileTask:
C2:3734149 31947       4       com.android.tools.r8.ir.conversion.S::a (1010 bytes)


---------------  P R O C E S S  ---------------

Java Threads: ( => current thread )
  0x000001e8eb6e6000 JavaThread "stdout" [_thread_in_native, id=23880, stack(0x000000512f400000,0x000000512f500000)]
  0x000001e8eb6e7000 JavaThread "stderr" [_thread_in_native, id=8044, stack(0x000000512f300000,0x000000512f400000)]
  0x000001e8eb6e3000 JavaThread "pool-54-thread-1" [_thread_blocked, id=25240, stack(0x000000512f200000,0x000000512f300000)]
  0x000001e8eb6e5800 JavaThread "WorkerExecutor Queue Thread 7" [_thread_blocked, id=7160, stack(0x000000512ef00000,0x000000512f000000)]
  0x000001e8e0e29000 JavaThread "Cache worker for execution history cache (E:\Android_studio_project\Christmas_gift\.gradle\6.7.1\executionHistory)" [_thread_blocked, id=26844, stack(0x000000512e700000,0x000000512e800000)]
  0x000001e8e0e21800 JavaThread "Execution worker for ':' Thread 7" [_thread_blocked, id=28580, stack(0x000000512e600000,0x000000512e700000)]
  0x000001e8e0e27800 JavaThread "Execution worker for ':' Thread 6" [_thread_blocked, id=21868, stack(0x000000512e500000,0x000000512e600000)]
  0x000001e8e0e26800 JavaThread "Execution worker for ':' Thread 5" [_thread_blocked, id=22216, stack(0x000000512e400000,0x000000512e500000)]
  0x000001e8e0e1f000 JavaThread "Execution worker for ':' Thread 4" [_thread_blocked, id=14200, stack(0x000000512e300000,0x000000512e400000)]
  0x000001e8e0e23000 JavaThread "Execution worker for ':' Thread 3" [_thread_blocked, id=18712, stack(0x000000512e100000,0x000000512e200000)]
  0x000001e8e0e26000 JavaThread "Execution worker for ':' Thread 2" [_thread_blocked, id=7436, stack(0x000000512e000000,0x000000512e100000)]
  0x000001e8e0e20000 JavaThread "Execution worker for ':'" [_thread_blocked, id=26884, stack(0x000000512df00000,0x000000512e000000)]
  0x000001e8e0e1e800 JavaThread "build event listener" [_thread_blocked, id=23820, stack(0x000000512de00000,0x000000512df00000)]
  0x000001e8e0e23800 JavaThread "build event listener" [_thread_blocked, id=21964, stack(0x000000512dd00000,0x000000512de00000)]
  0x000001e8e0e1d800 JavaThread "jar transforms Thread 873" [_thread_blocked, id=18604, stack(0x000000512dc00000,0x000000512dd00000)]
  0x000001e8e0e1b800 JavaThread "jar transforms Thread 872" [_thread_blocked, id=4020, stack(0x000000512db00000,0x000000512dc00000)]
  0x000001e8e0e22000 JavaThread "jar transforms Thread 871" [_thread_blocked, id=23168, stack(0x000000512da00000,0x000000512db00000)]
  0x000001e8e0669800 JavaThread "jar transforms Thread 870" [_thread_blocked, id=18508, stack(0x000000512d900000,0x000000512da00000)]
  0x000001e8e0669000 JavaThread "jar transforms Thread 869" [_thread_blocked, id=7604, stack(0x000000512d800000,0x000000512d900000)]
  0x000001e8e066f800 JavaThread "jar transforms Thread 868" [_thread_blocked, id=22472, stack(0x000000512d700000,0x000000512d800000)]
  0x000001e8e066f000 JavaThread "jar transforms Thread 867" [_thread_blocked, id=1912, stack(0x000000512d600000,0x000000512d700000)]
  0x000001e8e066e000 JavaThread "jar transforms Thread 866" [_thread_blocked, id=22984, stack(0x000000512d500000,0x000000512d600000)]
  0x000001e8e0666800 JavaThread "jar transforms Thread 865" [_thread_blocked, id=28104, stack(0x000000512d400000,0x000000512d500000)]
  0x000001e8e066c000 JavaThread "jar transforms Thread 864" [_thread_blocked, id=19496, stack(0x000000512d300000,0x000000512d400000)]
  0x000001e8e0667800 JavaThread "jar transforms Thread 863" [_thread_blocked, id=22380, stack(0x000000512d200000,0x000000512d300000)]
  0x000001e8e066d800 JavaThread "jar transforms Thread 862" [_thread_blocked, id=24460, stack(0x000000512d100000,0x000000512d200000)]
  0x000001e8e0668000 JavaThread "jar transforms Thread 861" [_thread_blocked, id=22264, stack(0x000000512d000000,0x000000512d100000)]
  0x000001e8e0664800 JavaThread "jar transforms Thread 860" [_thread_blocked, id=1568, stack(0x000000512cf00000,0x000000512d000000)]
  0x000001e8e066b000 JavaThread "jar transforms Thread 859" [_thread_blocked, id=20976, stack(0x000000512ce00000,0x000000512cf00000)]
  0x000001e8e0666000 JavaThread "jar transforms Thread 858" [_thread_blocked, id=23488, stack(0x000000512cd00000,0x000000512ce00000)]
  0x000001e8e0662800 JavaThread "jar transforms Thread 857" [_thread_blocked, id=14868, stack(0x000000512cc00000,0x000000512cd00000)]
  0x000001e8e0663800 JavaThread "jar transforms Thread 856" [_thread_blocked, id=25920, stack(0x000000512cb00000,0x000000512cc00000)]
  0x000001e8e4824800 JavaThread "jar transforms Thread 855" [_thread_blocked, id=3932, stack(0x000000512ca00000,0x000000512cb00000)]
  0x000001e8e4823800 JavaThread "jar transforms Thread 854" [_thread_blocked, id=28216, stack(0x000000512c900000,0x000000512ca00000)]
  0x000001e8e4827800 JavaThread "jar transforms Thread 853" [_thread_blocked, id=21816, stack(0x000000512c800000,0x000000512c900000)]
  0x000001e8e4826800 JavaThread "jar transforms Thread 852" [_thread_blocked, id=1804, stack(0x000000512c700000,0x000000512c800000)]
  0x000001e8e4826000 JavaThread "jar transforms Thread 851" [_thread_blocked, id=23588, stack(0x000000512c600000,0x000000512c700000)]
  0x000001e8e4823000 JavaThread "jar transforms Thread 850" [_thread_blocked, id=8784, stack(0x000000512c500000,0x000000512c600000)]
  0x000001e8e4825000 JavaThread "jar transforms Thread 849" [_thread_blocked, id=7660, stack(0x000000512c400000,0x000000512c500000)]
  0x000001e8e481b800 JavaThread "jar transforms Thread 848" [_thread_blocked, id=27704, stack(0x000000512c300000,0x000000512c400000)]
  0x000001e8e4822000 JavaThread "jar transforms Thread 847" [_thread_blocked, id=26336, stack(0x000000512c200000,0x000000512c300000)]
  0x000001e8e4821800 JavaThread "jar transforms Thread 846" [_thread_blocked, id=20864, stack(0x000000512c100000,0x000000512c200000)]
  0x000001e8e4820800 JavaThread "jar transforms Thread 845" [_thread_blocked, id=28500, stack(0x000000512c000000,0x000000512c100000)]
  0x000001e8e481c000 JavaThread "jar transforms Thread 844" [_thread_blocked, id=6596, stack(0x000000512bf00000,0x000000512c000000)]
  0x000001e8e4819000 JavaThread "jar transforms Thread 843" [_thread_blocked, id=15136, stack(0x000000512be00000,0x000000512bf00000)]
  0x000001e8e481a800 JavaThread "jar transforms Thread 842" [_thread_blocked, id=7488, stack(0x000000512bd00000,0x000000512be00000)]
  0x000001e8e481f000 JavaThread "jar transforms Thread 841" [_thread_blocked, id=22892, stack(0x000000512bc00000,0x000000512bd00000)]
  0x000001e8e481e800 JavaThread "jar transforms Thread 840" [_thread_blocked, id=26368, stack(0x000000512bb00000,0x000000512bc00000)]
  0x000001e8e481d800 JavaThread "jar transforms Thread 839" [_thread_blocked, id=26716, stack(0x000000512ba00000,0x000000512bb00000)]
  0x000001e8e4f31000 JavaThread "jar transforms Thread 838" [_thread_blocked, id=5692, stack(0x000000512b900000,0x000000512ba00000)]
  0x000001e8e4f30000 JavaThread "jar transforms Thread 837" [_thread_blocked, id=6996, stack(0x000000512b800000,0x000000512b900000)]
  0x000001e8e4f35800 JavaThread "jar transforms Thread 836" [_thread_blocked, id=19912, stack(0x000000512b700000,0x000000512b800000)]
  0x000001e8e4f2e000 JavaThread "jar transforms Thread 835" [_thread_blocked, id=22604, stack(0x000000512b600000,0x000000512b700000)]
  0x000001e8e4f34800 JavaThread "jar transforms Thread 834" [_thread_blocked, id=22564, stack(0x000000512b500000,0x000000512b600000)]
  0x000001e8e4f2e800 JavaThread "jar transforms Thread 833" [_thread_blocked, id=26384, stack(0x000000512b400000,0x000000512b500000)]
  0x000001e8e4f34000 JavaThread "jar transforms Thread 832" [_thread_blocked, id=6264, stack(0x000000512b300000,0x000000512b400000)]
  0x000001e8e4f32800 JavaThread "jar transforms Thread 831" [_thread_blocked, id=23688, stack(0x000000512b200000,0x000000512b300000)]
  0x000001e8e4f31800 JavaThread "jar transforms Thread 830" [_thread_blocked, id=332, stack(0x000000512b100000,0x000000512b200000)]
  0x000001e8e4f33000 JavaThread "jar transforms Thread 829" [_thread_blocked, id=2748, stack(0x000000512b000000,0x000000512b100000)]
  0x000001e8e4f29000 JavaThread "jar transforms Thread 828" [_thread_blocked, id=10880, stack(0x000000512af00000,0x000000512b000000)]
  0x000001e8e4f26000 JavaThread "jar transforms Thread 827" [_thread_blocked, id=26248, stack(0x000000512ae00000,0x000000512af00000)]
  0x000001e8e4f2d000 JavaThread "jar transforms Thread 826" [_thread_blocked, id=25260, stack(0x000000512ad00000,0x000000512ae00000)]
  0x000001e8e4f2c000 JavaThread "jar transforms Thread 825" [_thread_blocked, id=27160, stack(0x000000512ac00000,0x000000512ad00000)]
  0x000001e8e4f28800 JavaThread "jar transforms Thread 824" [_thread_blocked, id=25068, stack(0x000000512ab00000,0x000000512ac00000)]
  0x000001e8e4f2b800 JavaThread "jar transforms Thread 823" [_thread_blocked, id=26668, stack(0x000000512aa00000,0x000000512ab00000)]
  0x000001e8e4f27800 JavaThread "jar transforms Thread 822" [_thread_blocked, id=27808, stack(0x000000512a900000,0x000000512aa00000)]
  0x000001e8e4f2a800 JavaThread "jar transforms Thread 821" [_thread_blocked, id=6664, stack(0x000000512a800000,0x000000512a900000)]
  0x000001e8e4537000 JavaThread "jar transforms Thread 820" [_thread_blocked, id=25172, stack(0x000000512a700000,0x000000512a800000)]
  0x000001e8e4535800 JavaThread "jar transforms Thread 819" [_thread_blocked, id=25504, stack(0x000000512a600000,0x000000512a700000)]
  0x000001e8e4535000 JavaThread "jar transforms Thread 818" [_thread_blocked, id=25216, stack(0x000000512a500000,0x000000512a600000)]
  0x000001e8e4534000 JavaThread "jar transforms Thread 817" [_thread_blocked, id=10480, stack(0x000000512a400000,0x000000512a500000)]
  0x000001e8e452c800 JavaThread "jar transforms Thread 816" [_thread_blocked, id=24436, stack(0x000000512a300000,0x000000512a400000)]
  0x000001e8e4533800 JavaThread "jar transforms Thread 815" [_thread_blocked, id=2836, stack(0x000000512a200000,0x000000512a300000)]
  0x000001e8e4532800 JavaThread "jar transforms Thread 814" [_thread_blocked, id=19808, stack(0x000000512a100000,0x000000512a200000)]
  0x000001e8e4532000 JavaThread "jar transforms Thread 813" [_thread_blocked, id=26320, stack(0x000000512a000000,0x000000512a100000)]
  0x000001e8e452a800 JavaThread "jar transforms Thread 812" [_thread_blocked, id=14428, stack(0x0000005129f00000,0x000000512a000000)]
  0x000001e8e4531000 JavaThread "jar transforms Thread 811" [_thread_blocked, id=19608, stack(0x0000005129e00000,0x0000005129f00000)]
  0x000001e8e452e000 JavaThread "jar transforms Thread 810" [_thread_blocked, id=27748, stack(0x0000005129d00000,0x0000005129e00000)]
  0x000001e8e4530800 JavaThread "jar transforms Thread 809" [_thread_blocked, id=16408, stack(0x0000005129c00000,0x0000005129d00000)]
  0x000001e8e452f800 JavaThread "jar transforms Thread 808" [_thread_blocked, id=27840, stack(0x0000005129b00000,0x0000005129c00000)]
  0x000001e8e4528800 JavaThread "jar transforms Thread 807" [_thread_blocked, id=21548, stack(0x0000005129a00000,0x0000005129b00000)]
  0x000001e8e452f000 JavaThread "jar transforms Thread 806" [_thread_blocked, id=19100, stack(0x0000005129900000,0x0000005129a00000)]
  0x000001e8e4529800 JavaThread "jar transforms Thread 805" [_thread_blocked, id=18788, stack(0x0000005129800000,0x0000005129900000)]
  0x000001e8e452c000 JavaThread "jar transforms Thread 804" [_thread_blocked, id=13552, stack(0x0000005129700000,0x0000005129800000)]
  0x000001e8e4528000 JavaThread "jar transforms Thread 803" [_thread_blocked, id=16988, stack(0x0000005129600000,0x0000005129700000)]
  0x000001e8e452b000 JavaThread "jar transforms Thread 802" [_thread_blocked, id=11716, stack(0x0000005129500000,0x0000005129600000)]
  0x000001e8e45ea800 JavaThread "jar transforms Thread 801" [_thread_blocked, id=24680, stack(0x0000005129400000,0x0000005129500000)]
  0x000001e8e45ea000 JavaThread "jar transforms Thread 800" [_thread_blocked, id=24900, stack(0x0000005129300000,0x0000005129400000)]
  0x000001e8e45e9000 JavaThread "jar transforms Thread 799" [_thread_blocked, id=20696, stack(0x0000005129200000,0x0000005129300000)]
  0x000001e8e45e8800 JavaThread "jar transforms Thread 798" [_thread_blocked, id=24484, stack(0x0000005129100000,0x0000005129200000)]
  0x000001e8e45e7800 JavaThread "jar transforms Thread 797" [_thread_blocked, id=20888, stack(0x0000005129000000,0x0000005129100000)]
  0x000001e8e45e7000 JavaThread "jar transforms Thread 796" [_thread_blocked, id=6052, stack(0x0000005128f00000,0x0000005129000000)]
  0x000001e8e45df000 JavaThread "jar transforms Thread 795" [_thread_blocked, id=4948, stack(0x0000005128e00000,0x0000005128f00000)]
  0x000001e8e45e6000 JavaThread "jar transforms Thread 794" [_thread_blocked, id=26444, stack(0x0000005128d00000,0x0000005128e00000)]
  0x000001e8e45de800 JavaThread "jar transforms Thread 793" [_thread_blocked, id=25712, stack(0x0000005128c00000,0x0000005128d00000)]
  0x000001e8e45e4800 JavaThread "jar transforms Thread 792" [_thread_blocked, id=15536, stack(0x0000005128b00000,0x0000005128c00000)]
  0x000001e8e45e5800 JavaThread "jar transforms Thread 791" [_thread_blocked, id=22332, stack(0x0000005128a00000,0x0000005128b00000)]
  0x000001e8e45dc000 JavaThread "jar transforms Thread 790" [_thread_blocked, id=11288, stack(0x0000005128900000,0x0000005128a00000)]
  0x000001e8e45e0800 JavaThread "jar transforms Thread 789" [_thread_blocked, id=27524, stack(0x0000005128800000,0x0000005128900000)]
  0x000001e8e45dd800 JavaThread "jar transforms Thread 788" [_thread_blocked, id=20360, stack(0x0000005128700000,0x0000005128800000)]
  0x000001e8e45e0000 JavaThread "jar transforms Thread 787" [_thread_blocked, id=26116, stack(0x0000005128600000,0x0000005128700000)]
  0x000001e8e45dd000 JavaThread "jar transforms Thread 786" [_thread_blocked, id=17180, stack(0x0000005128500000,0x0000005128600000)]
  0x000001e8e45db800 JavaThread "jar transforms Thread 785" [_thread_blocked, id=15916, stack(0x0000005128400000,0x0000005128500000)]
  0x000001e8e45e1800 JavaThread "jar transforms Thread 784" [_thread_blocked, id=22464, stack(0x0000005128300000,0x0000005128400000)]
  0x000001e8e45e2800 JavaThread "jar transforms Thread 783" [_thread_blocked, id=25972, stack(0x0000005128200000,0x0000005128300000)]
  0x000001e8e4d10000 JavaThread "jar transforms Thread 782" [_thread_blocked, id=18720, stack(0x0000005128100000,0x0000005128200000)]
  0x000001e8e4d13000 JavaThread "jar transforms Thread 781" [_thread_blocked, id=1676, stack(0x0000005128000000,0x0000005128100000)]
  0x000001e8e4d0f800 JavaThread "jar transforms Thread 780" [_thread_blocked, id=8716, stack(0x0000005127f00000,0x0000005128000000)]
  0x000001e8e4d12800 JavaThread "jar transforms Thread 779" [_thread_blocked, id=25108, stack(0x0000005127e00000,0x0000005127f00000)]
  0x000001e8e4d11800 JavaThread "jar transforms Thread 778" [_thread_blocked, id=26860, stack(0x0000005127d00000,0x0000005127e00000)]
  0x000001e8e4d0e800 JavaThread "jar transforms Thread 777" [_thread_blocked, id=22348, stack(0x0000005127c00000,0x0000005127d00000)]
  0x000001e8e4d0d000 JavaThread "Build operations Thread 8" [_thread_blocked, id=25156, stack(0x0000005127b00000,0x0000005127c00000)]
  0x000001e8e4d11000 JavaThread "Build operations Thread 7" [_thread_in_Java, id=22552, stack(0x0000005127a00000,0x0000005127b00000)]
  0x000001e8e4d0e000 JavaThread "Build operations Thread 6" [_thread_blocked, id=24220, stack(0x0000005127900000,0x0000005127a00000)]
  0x000001e8e4d14000 JavaThread "Build operations Thread 5" [_thread_blocked, id=16248, stack(0x0000005127700000,0x0000005127800000)]
  0x000001e8e4d05800 JavaThread "Build operations Thread 4" [_thread_blocked, id=11564, stack(0x0000005127500000,0x0000005127600000)]
  0x000001e8e4d0c800 JavaThread "Build operations Thread 3" [_thread_blocked, id=3764, stack(0x0000005127400000,0x0000005127500000)]
  0x000001e8e4d08800 JavaThread "Build operations Thread 2" [_thread_blocked, id=10564, stack(0x0000005127300000,0x0000005127400000)]
  0x000001e8e4d04800 JavaThread "Build operations" [_thread_blocked, id=17084, stack(0x0000005127200000,0x0000005127300000)]
  0x000001e8e4d07000 JavaThread "Cache worker for Build Output Cleanup Cache (E:\Android_studio_project\Christmas_gift\.gradle\buildOutputCleanup)" [_thread_blocked, id=24732, stack(0x0000005126e00000,0x0000005126f00000)]
  0x000001e8e4d07800 JavaThread "Cache worker for cache directory md-rule (C:\Users\50163\.gradle\caches\6.7.1\md-rule)" [_thread_blocked, id=18880, stack(0x0000005126d00000,0x0000005126e00000)]
  0x000001e8e4d0a000 JavaThread "Cache worker for cache directory md-supplier (C:\Users\50163\.gradle\caches\6.7.1\md-supplier)" [_thread_blocked, id=27980, stack(0x0000005126c00000,0x0000005126d00000)]
  0x000001e8e4d0b000 JavaThread "Cache worker for checksums cache (E:\Android_studio_project\Christmas_gift\.gradle\checksums)" [_thread_blocked, id=26012, stack(0x0000005126b00000,0x0000005126c00000)]
  0x000001e8e4d09800 JavaThread "Cache worker for file hash cache (E:\Android_studio_project\Christmas_gift\.gradle\6.7.1\fileHashes)" [_thread_blocked, id=25612, stack(0x0000005126a00000,0x0000005126b00000)]
  0x000001e8e4d0b800 JavaThread "Thread-1245" [_thread_blocked, id=9972, stack(0x0000005126900000,0x0000005126a00000)]
  0x000001e8e05d3800 JavaThread "Stdin handler" [_thread_blocked, id=23640, stack(0x0000005126800000,0x0000005126900000)]
  0x000001e8e05d9000 JavaThread "Asynchronous log dispatcher for DefaultDaemonConnection: socket connection from /127.0.0.1:13960 to /127.0.0.1:6549" [_thread_blocked, id=27856, stack(0x0000005126500000,0x0000005126600000)]
  0x000001e8e05d7800 JavaThread "Daemon worker Thread 9" [_thread_blocked, id=13652, stack(0x0000005126400000,0x0000005126500000)]
  0x000001e8e05d6000 JavaThread "Cancel handler" [_thread_blocked, id=24076, stack(0x0000005124e00000,0x0000005124f00000)]
  0x000001e8e05d6800 JavaThread "Handler for socket connection from /127.0.0.1:13960 to /127.0.0.1:6549" [_thread_in_native, id=14240, stack(0x0000005124d00000,0x0000005124e00000)]
  0x000001e8e05d4800 JavaThread "Daemon Thread 9" [_thread_blocked, id=26816, stack(0x0000005124c00000,0x0000005124d00000)]
  0x000001e8e4818800 JavaThread "Cache worker for Java compile cache (C:\Users\50163\.gradle\caches\6.7.1\javaCompile)" [_thread_blocked, id=23496, stack(0x000000512e900000,0x000000512ea00000)]
  0x000001e8e006f000 JavaThread "Java2D Disposer" daemon [_thread_blocked, id=19512, stack(0x000000512f100000,0x000000512f200000)]
  0x000001e8e4f27000 JavaThread "Memory manager" [_thread_blocked, id=22700, stack(0x000000512e200000,0x000000512e300000)]
  0x000001e8e0e20800 JavaThread "Cache worker for file content cache (C:\Users\50163\.gradle\caches\6.7.1\fileContent)" [_thread_blocked, id=19668, stack(0x0000005127800000,0x0000005127900000)]
  0x000001e8e05d5000 JavaThread "Cache worker for execution history cache (C:\Users\50163\.gradle\caches\6.7.1\executionHistory)" [_thread_blocked, id=18164, stack(0x0000005127600000,0x0000005127700000)]
  0x000001e8e05d3000 JavaThread "Cache worker for journal cache (C:\Users\50163\.gradle\caches\journal-1)" [_thread_blocked, id=21972, stack(0x0000005127100000,0x0000005127200000)]
  0x000001e8e05d8000 JavaThread "File lock request listener" [_thread_in_native, id=13340, stack(0x0000005127000000,0x0000005127100000)]
  0x000001e8e05d9800 JavaThread "Cache worker for file hash cache (C:\Users\50163\.gradle\caches\6.7.1\fileHashes)" [_thread_blocked, id=23332, stack(0x0000005126f00000,0x0000005127000000)]
  0x000001e8e040e000 JavaThread "Daemon periodic checks" [_thread_blocked, id=10144, stack(0x0000005126700000,0x0000005126800000)]
  0x000001e8dffe9800 JavaThread "Incoming local TCP Connector on port 13960" [_thread_in_native, id=22744, stack(0x0000005126600000,0x0000005126700000)]
  0x000001e8e0352800 JavaThread "Daemon health stats" [_thread_blocked, id=23336, stack(0x0000005126300000,0x0000005126400000)]
  0x000001e8de789800 JavaThread "Service Thread" daemon [_thread_blocked, id=15316, stack(0x0000005126100000,0x0000005126200000)]
  0x000001e8dca4b000 JavaThread "C1 CompilerThread3" daemon [_thread_blocked, id=22548, stack(0x0000005126000000,0x0000005126100000)]
=>0x000001e8dca47000 JavaThread "C2 CompilerThread2" daemon [_thread_in_native, id=23284, stack(0x0000005125f00000,0x0000005126000000)]
  0x000001e8dca46000 JavaThread "C2 CompilerThread1" daemon [_thread_in_native, id=4224, stack(0x0000005125e00000,0x0000005125f00000)]
  0x000001e8dc9eb800 JavaThread "C2 CompilerThread0" daemon [_thread_in_native, id=2468, stack(0x0000005125d00000,0x0000005125e00000)]
  0x000001e8dc9eb000 JavaThread "Attach Listener" daemon [_thread_blocked, id=9132, stack(0x0000005125c00000,0x0000005125d00000)]
  0x000001e8dca42800 JavaThread "Signal Dispatcher" daemon [_thread_blocked, id=1908, stack(0x0000005125b00000,0x0000005125c00000)]
  0x000001e8dc9bc800 JavaThread "Finalizer" daemon [_thread_blocked, id=16532, stack(0x0000005125a00000,0x0000005125b00000)]
  0x000001e8dc9ae000 JavaThread "Reference Handler" daemon [_thread_blocked, id=21812, stack(0x0000005125900000,0x0000005125a00000)]
  0x000001e8c79da000 JavaThread "main" [_thread_blocked, id=20460, stack(0x0000005124f00000,0x0000005125000000)]

Other Threads:
  0x000001e8dc985000 VMThread [stack: 0x0000005125800000,0x0000005125900000] [id=22728]
  0x000001e8de7a2000 WatcherThread [stack: 0x0000005126200000,0x0000005126300000] [id=3712]

VM state:not at safepoint (normal execution)

VM Mutex/Monitor currently owned by a thread: None

heap address: 0x00000000a0000000, size: 1536 MB, Compressed Oops mode: 32-bit
Narrow klass base: 0x0000000000000000, Narrow klass shift: 3
Compressed class space size: 1073741824 Address: 0x0000000100000000

Heap:
 PSYoungGen      total 455168K, used 409335K [0x00000000e0000000, 0x0000000100000000, 0x0000000100000000)
  eden space 412672K, 88% used [0x00000000e0000000,0x00000000f66432c0,0x00000000f9300000)
  from space 42496K, 99% used [0x00000000fd680000,0x00000000fffface0,0x0000000100000000)
  to   space 55808K, 0% used [0x00000000f9300000,0x00000000f9300000,0x00000000fc980000)
 ParOldGen       total 249856K, used 189317K [0x00000000a0000000, 0x00000000af400000, 0x00000000e0000000)
  object space 249856K, 75% used [0x00000000a0000000,0x00000000ab8e1678,0x00000000af400000)
 Metaspace       used 133490K, capacity 142734K, committed 142976K, reserved 1173504K
  class space    used 17122K, capacity 18709K, committed 18816K, reserved 1048576K

Card table byte_map: [0x000001e8d8750000,0x000001e8d8a60000] byte_map_base: 0x000001e8d8250000

Marking Bits: (ParMarkBitMap*) 0x00007ffd5f6c6040
 Begin Bits: [0x000001e8d8c60000, 0x000001e8da460000)
 End Bits:   [0x000001e8da460000, 0x000001e8dbc60000)

Polling page: 0x000001e8c7b00000

CodeCache: size=245760Kb used=90449Kb max_used=90459Kb free=155310Kb
 bounds [0x000001e8c9390000, 0x000001e8cec70000, 0x000001e8d8390000]
 total_blobs=25883 nmethods=24809 adapters=983
 compilation: enabled

Compilation events (10 events):
Event: 3733.879 Thread 0x000001e8dca46000 nmethod 32061 0x000001e8cec4fb50 code [0x000001e8cec50580, 0x000001e8cec5ab70]
Event: 3733.879 Thread 0x000001e8dca46000 32194       4       com.android.tools.r8.ir.regalloc.a::a (125 bytes)
Event: 3733.887 Thread 0x000001e8dca46000 nmethod 32194 0x000001e8cec4ecd0 code [0x000001e8cec4ee40, 0x000001e8cec4f3e8]
Event: 3733.887 Thread 0x000001e8dca46000 32020 %     4       com.android.tools.r8.ir.regalloc.a::a @ 2162 (4001 bytes)
Event: 3734.035 Thread 0x000001e8dca4b000 32201       3       com.android.tools.r8.ir.optimize.k::b (158 bytes)
Event: 3734.037 Thread 0x000001e8dca4b000 nmethod 32201 0x000001e8cec4a910 code [0x000001e8cec4ad80, 0x000001e8cec4d770]
Event: 3734.039 Thread 0x000001e8dca4b000 32202       1       com.android.tools.r8.v.b.Z0::V (8 bytes)
Event: 3734.039 Thread 0x000001e8dca4b000 nmethod 32202 0x000001e8cec147d0 code [0x000001e8cec14920, 0x000001e8cec14a58]
Event: 3734.074 Thread 0x000001e8dca4b000 32204       2       com.android.tools.r8.v.b.Q0::<init> (12 bytes)
Event: 3734.075 Thread 0x000001e8dca4b000 nmethod 32204 0x000001e8cec14410 code [0x000001e8cec14580, 0x000001e8cec14730]

GC Heap History (10 events):
Event: 3122.882 GC heap before
{Heap before GC invocations=24 (full 4):
 PSYoungGen      total 476160K, used 455007K [0x00000000e0000000, 0x0000000100000000, 0x0000000100000000)
  eden space 433152K, 100% used [0x00000000e0000000,0x00000000fa700000,0x00000000fa700000)
  from space 43008K, 50% used [0x00000000fa700000,0x00000000fbc57e88,0x00000000fd100000)
  to   space 41472K, 0% used [0x00000000fd780000,0x00000000fd780000,0x0000000100000000)
 ParOldGen       total 249856K, used 163516K [0x00000000a0000000, 0x00000000af400000, 0x00000000e0000000)
  object space 249856K, 65% used [0x00000000a0000000,0x00000000a9faf088,0x00000000af400000)
 Metaspace       used 126421K, capacity 134060K, committed 134400K, reserved 1165312K
  class space    used 16327K, capacity 17604K, committed 17664K, reserved 1048576K
Event: 3122.942 GC heap after
Heap after GC invocations=24 (full 4):
 PSYoungGen      total 477696K, used 22917K [0x00000000e0000000, 0x00000000ffc80000, 0x0000000100000000)
  eden space 439808K, 0% used [0x00000000e0000000,0x00000000e0000000,0x00000000fad80000)
  from space 37888K, 60% used [0x00000000fd780000,0x00000000fede14c8,0x00000000ffc80000)
  to   space 40448K, 0% used [0x00000000fad80000,0x00000000fad80000,0x00000000fd500000)
 ParOldGen       total 249856K, used 163524K [0x00000000a0000000, 0x00000000af400000, 0x00000000e0000000)
  object space 249856K, 65% used [0x00000000a0000000,0x00000000a9fb1088,0x00000000af400000)
 Metaspace       used 126421K, capacity 134060K, committed 134400K, reserved 1165312K
  class space    used 16327K, capacity 17604K, committed 17664K, reserved 1048576K
}
Event: 3724.259 GC heap before
{Heap before GC invocations=25 (full 4):
 PSYoungGen      total 477696K, used 462725K [0x00000000e0000000, 0x00000000ffc80000, 0x0000000100000000)
  eden space 439808K, 100% used [0x00000000e0000000,0x00000000fad80000,0x00000000fad80000)
  from space 37888K, 60% used [0x00000000fd780000,0x00000000fede14c8,0x00000000ffc80000)
  to   space 40448K, 0% used [0x00000000fad80000,0x00000000fad80000,0x00000000fd500000)
 ParOldGen       total 249856K, used 163524K [0x00000000a0000000, 0x00000000af400000, 0x00000000e0000000)
  object space 249856K, 65% used [0x00000000a0000000,0x00000000a9fb1088,0x00000000af400000)
 Metaspace       used 131418K, capacity 140040K, committed 140160K, reserved 1171456K
  class space    used 16986K, capacity 18504K, committed 18560K, reserved 1048576K
Event: 3724.444 GC heap after
Heap after GC invocations=25 (full 4):
 PSYoungGen      total 480256K, used 18250K [0x00000000e0000000, 0x00000000fff80000, 0x0000000100000000)
  eden space 439808K, 0% used [0x00000000e0000000,0x00000000e0000000,0x00000000fad80000)
  from space 40448K, 45% used [0x00000000fad80000,0x00000000fbf52ac8,0x00000000fd500000)
  to   space 38912K, 0% used [0x00000000fd980000,0x00000000fd980000,0x00000000fff80000)
 ParOldGen       total 249856K, used 163532K [0x00000000a0000000, 0x00000000af400000, 0x00000000e0000000)
  object space 249856K, 65% used [0x00000000a0000000,0x00000000a9fb3088,0x00000000af400000)
 Metaspace       used 131418K, capacity 140040K, committed 140160K, reserved 1171456K
  class space    used 16986K, capacity 18504K, committed 18560K, reserved 1048576K
}
Event: 3728.657 GC heap before
{Heap before GC invocations=26 (full 4):
 PSYoungGen      total 480256K, used 458058K [0x00000000e0000000, 0x00000000fff80000, 0x0000000100000000)
  eden space 439808K, 100% used [0x00000000e0000000,0x00000000fad80000,0x00000000fad80000)
  from space 40448K, 45% used [0x00000000fad80000,0x00000000fbf52ac8,0x00000000fd500000)
  to   space 38912K, 0% used [0x00000000fd980000,0x00000000fd980000,0x00000000fff80000)
 ParOldGen       total 249856K, used 163532K [0x00000000a0000000, 0x00000000af400000, 0x00000000e0000000)
  object space 249856K, 65% used [0x00000000a0000000,0x00000000a9fb3088,0x00000000af400000)
 Metaspace       used 132191K, capacity 141178K, committed 141312K, reserved 1171456K
  class space    used 17059K, capacity 18635K, committed 18688K, reserved 1048576K
Event: 3728.756 GC heap after
Heap after GC invocations=26 (full 4):
 PSYoungGen      total 478720K, used 19194K [0x00000000e0000000, 0x00000000ffa80000, 0x0000000100000000)
  eden space 444928K, 0% used [0x00000000e0000000,0x00000000e0000000,0x00000000fb280000)
  from space 33792K, 56% used [0x00000000fd980000,0x00000000fec3e9b0,0x00000000ffa80000)
  to   space 36864K, 0% used [0x00000000fb280000,0x00000000fb280000,0x00000000fd680000)
 ParOldGen       total 249856K, used 163540K [0x00000000a0000000, 0x00000000af400000, 0x00000000e0000000)
  object space 249856K, 65% used [0x00000000a0000000,0x00000000a9fb5088,0x00000000af400000)
 Metaspace       used 132191K, capacity 141178K, committed 141312K, reserved 1171456K
  class space    used 17059K, capacity 18635K, committed 18688K, reserved 1048576K
}
Event: 3730.960 GC heap before
{Heap before GC invocations=27 (full 4):
 PSYoungGen      total 478720K, used 464122K [0x00000000e0000000, 0x00000000ffa80000, 0x0000000100000000)
  eden space 444928K, 100% used [0x00000000e0000000,0x00000000fb280000,0x00000000fb280000)
  from space 33792K, 56% used [0x00000000fd980000,0x00000000fec3e9b0,0x00000000ffa80000)
  to   space 36864K, 0% used [0x00000000fb280000,0x00000000fb280000,0x00000000fd680000)
 ParOldGen       total 249856K, used 163540K [0x00000000a0000000, 0x00000000af400000, 0x00000000e0000000)
  object space 249856K, 65% used [0x00000000a0000000,0x00000000a9fb5088,0x00000000af400000)
 Metaspace       used 133224K, capacity 142484K, committed 142720K, reserved 1173504K
  class space    used 17118K, capacity 18704K, committed 18816K, reserved 1048576K
Event: 3731.110 GC heap after
Heap after GC invocations=27 (full 4):
 PSYoungGen      total 481792K, used 36863K [0x00000000e0000000, 0x0000000100000000, 0x0000000100000000)
  eden space 444928K, 0% used [0x00000000e0000000,0x00000000e0000000,0x00000000fb280000)
  from space 36864K, 99% used [0x00000000fb280000,0x00000000fd67fcd8,0x00000000fd680000)
  to   space 42496K, 0% used [0x00000000fd680000,0x00000000fd680000,0x0000000100000000)
 ParOldGen       total 249856K, used 185247K [0x00000000a0000000, 0x00000000af400000, 0x00000000e0000000)
  object space 249856K, 74% used [0x00000000a0000000,0x00000000ab4e7fb8,0x00000000af400000)
 Metaspace       used 133224K, capacity 142484K, committed 142720K, reserved 1173504K
  class space    used 17118K, capacity 18704K, committed 18816K, reserved 1048576K
}
Event: 3732.180 GC heap before
{Heap before GC invocations=28 (full 4):
 PSYoungGen      total 481792K, used 481791K [0x00000000e0000000, 0x0000000100000000, 0x0000000100000000)
  eden space 444928K, 100% used [0x00000000e0000000,0x00000000fb280000,0x00000000fb280000)
  from space 36864K, 99% used [0x00000000fb280000,0x00000000fd67fcd8,0x00000000fd680000)
  to   space 42496K, 0% used [0x00000000fd680000,0x00000000fd680000,0x0000000100000000)
 ParOldGen       total 249856K, used 185247K [0x00000000a0000000, 0x00000000af400000, 0x00000000e0000000)
  object space 249856K, 74% used [0x00000000a0000000,0x00000000ab4e7fb8,0x00000000af400000)
 Metaspace       used 133417K, capacity 142652K, committed 142976K, reserved 1173504K
  class space    used 17120K, capacity 18706K, committed 18816K, reserved 1048576K
Event: 3732.380 GC heap after
Heap after GC invocations=28 (full 4):
 PSYoungGen      total 455168K, used 42475K [0x00000000e0000000, 0x0000000100000000, 0x0000000100000000)
  eden space 412672K, 0% used [0x00000000e0000000,0x00000000e0000000,0x00000000f9300000)
  from space 42496K, 99% used [0x00000000fd680000,0x00000000fffface0,0x0000000100000000)
  to   space 55808K, 0% used [0x00000000f9300000,0x00000000f9300000,0x00000000fc980000)
 ParOldGen       total 249856K, used 189317K [0x00000000a0000000, 0x00000000af400000, 0x00000000e0000000)
  object space 249856K, 75% used [0x00000000a0000000,0x00000000ab8e1678,0x00000000af400000)
 Metaspace       used 133417K, capacity 142652K, committed 142976K, reserved 1173504K
  class space    used 17120K, capacity 18706K, committed 18816K, reserved 1048576K
}

Deoptimization events (10 events):
Event: 3733.148 Thread 0x000001e8e4d11000 Uncommon trap: reason=speculate_class_check action=maybe_recompile pc=0x000001e8ceb6e354 method=com.android.tools.r8.v.a.j.e.b(Lcom/android/tools/r8/v/b/o0;)V @ 403
Event: 3733.583 Thread 0x000001e8e4d11000 Uncommon trap: reason=unstable_if action=reinterpret pc=0x000001e8cc81a888 method=java.util.concurrent.ConcurrentHashMap.computeIfAbsent(Ljava/lang/Object;Ljava/util/function/Function;)Ljava/lang/Object; @ 281
Event: 3733.827 Thread 0x000001e8e4d11000 Uncommon trap: reason=class_check action=maybe_recompile pc=0x000001e8ce53f7dc method=com.android.tools.r8.v.b.y1.a(Lcom/android/tools/r8/v/a/t/u;)Lcom/android/tools/r8/v/b/y1; @ 40
Event: 3733.832 Thread 0x000001e8e4d11000 Uncommon trap: reason=class_check action=maybe_recompile pc=0x000001e8ce53f7dc method=com.android.tools.r8.v.b.y1.a(Lcom/android/tools/r8/v/a/t/u;)Lcom/android/tools/r8/v/b/y1; @ 40
Event: 3733.833 Thread 0x000001e8e4d11000 Uncommon trap: reason=class_check action=maybe_recompile pc=0x000001e8ce53f7dc method=com.android.tools.r8.v.b.y1.a(Lcom/android/tools/r8/v/a/t/u;)Lcom/android/tools/r8/v/b/y1; @ 40
Event: 3733.833 Thread 0x000001e8e4d11000 Uncommon trap: reason=class_check action=maybe_recompile pc=0x000001e8ce53f7dc method=com.android.tools.r8.v.b.y1.a(Lcom/android/tools/r8/v/a/t/u;)Lcom/android/tools/r8/v/b/y1; @ 40
Event: 3733.883 Thread 0x000001e8e4d11000 Uncommon trap: reason=class_check action=maybe_recompile pc=0x000001e8cec55840 method=com.android.tools.r8.ir.optimize.J.a(Lcom/android/tools/r8/v/b/o0;)Z @ 271
Event: 3733.884 Thread 0x000001e8e4d11000 Uncommon trap: reason=class_check action=maybe_recompile pc=0x000001e8cec55840 method=com.android.tools.r8.ir.optimize.J.a(Lcom/android/tools/r8/v/b/o0;)Z @ 271
Event: 3733.933 Thread 0x000001e8e4d11000 Uncommon trap: reason=class_check action=maybe_recompile pc=0x000001e8cec55840 method=com.android.tools.r8.ir.optimize.J.a(Lcom/android/tools/r8/v/b/o0;)Z @ 271
Event: 3733.934 Thread 0x000001e8e4d11000 Uncommon trap: reason=class_check action=maybe_recompile pc=0x000001e8cec55840 method=com.android.tools.r8.ir.optimize.J.a(Lcom/android/tools/r8/v/b/o0;)Z @ 271

Classes redefined (0 events):
No events

Internal exceptions (10 events):
Event: 3729.254 Thread 0x000001e8e4d11000 Exception <a 'sun/nio/fs/WindowsException'> (0x00000000e5aca518) thrown at [C:\jenkins\workspace\8-2-build-windows-x64-cygwin-sans-NAS\jdk8u381\237\hotspot\src\share\vm\prims\jni.cpp, line 710]
Event: 3729.285 Thread 0x000001e8e4d14000 Exception <a 'sun/nio/fs/WindowsException'> (0x00000000e66e2f78) thrown at [C:\jenkins\workspace\8-2-build-windows-x64-cygwin-sans-NAS\jdk8u381\237\hotspot\src\share\vm\prims\jni.cpp, line 710]
Event: 3729.329 Thread 0x000001e8e4d0e000 Exception <a 'sun/nio/fs/WindowsException'> (0x00000000e80bab60) thrown at [C:\jenkins\workspace\8-2-build-windows-x64-cygwin-sans-NAS\jdk8u381\237\hotspot\src\share\vm\prims\jni.cpp, line 710]
Event: 3729.459 Thread 0x000001e8e4d05800 Exception <a 'sun/nio/fs/WindowsException'> (0x00000000eaf982b0) thrown at [C:\jenkins\workspace\8-2-build-windows-x64-cygwin-sans-NAS\jdk8u381\237\hotspot\src\share\vm\prims\jni.cpp, line 710]
Event: 3729.841 Thread 0x000001e8e4d14000 Exception <a 'sun/nio/fs/WindowsException'> (0x00000000f0622a68) thrown at [C:\jenkins\workspace\8-2-build-windows-x64-cygwin-sans-NAS\jdk8u381\237\hotspot\src\share\vm\prims\jni.cpp, line 710]
Event: 3730.195 Thread 0x000001e8e4d14000 Exception <a 'sun/nio/fs/WindowsException'> (0x00000000f47a2a30) thrown at [C:\jenkins\workspace\8-2-build-windows-x64-cygwin-sans-NAS\jdk8u381\237\hotspot\src\share\vm\prims\jni.cpp, line 710]
Event: 3730.254 Thread 0x000001e8e4d0e000 Exception <a 'sun/nio/fs/WindowsException'> (0x00000000f580c208) thrown at [C:\jenkins\workspace\8-2-build-windows-x64-cygwin-sans-NAS\jdk8u381\237\hotspot\src\share\vm\prims\jni.cpp, line 710]
Event: 3731.238 Thread 0x000001e8e4d14000 Exception <a 'sun/nio/fs/WindowsException'> (0x00000000e3f04a20) thrown at [C:\jenkins\workspace\8-2-build-windows-x64-cygwin-sans-NAS\jdk8u381\237\hotspot\src\share\vm\prims\jni.cpp, line 710]
Event: 3732.496 Thread 0x000001e8e4d0d000 Exception <a 'sun/nio/fs/WindowsException'> (0x00000000e3ccee98) thrown at [C:\jenkins\workspace\8-2-build-windows-x64-cygwin-sans-NAS\jdk8u381\237\hotspot\src\share\vm\prims\jni.cpp, line 710]
Event: 3733.039 Thread 0x000001e8e4d05800 Exception <a 'sun/nio/fs/WindowsException'> (0x00000000ee8a7d80) thrown at [C:\jenkins\workspace\8-2-build-windows-x64-cygwin-sans-NAS\jdk8u381\237\hotspot\src\share\vm\prims\jni.cpp, line 710]

Events (10 events):
Event: 3733.933 Thread 0x000001e8e4d11000 Uncommon trap: trap_request=0xffffffde fr.pc=0x000001e8cec55840
Event: 3733.933 Thread 0x000001e8e4d11000 DEOPT PACKING pc=0x000001e8cec55840 sp=0x0000005127afa860
Event: 3733.933 Thread 0x000001e8e4d11000 DEOPT UNPACKING pc=0x000001e8c93d58c3 sp=0x0000005127afa810 mode 2
Event: 3733.934 Thread 0x000001e8e4d11000 Uncommon trap: trap_request=0xffffffde fr.pc=0x000001e8cec55840
Event: 3733.934 Thread 0x000001e8e4d11000 DEOPT PACKING pc=0x000001e8cec55840 sp=0x0000005127afa860
Event: 3733.934 Thread 0x000001e8e4d11000 DEOPT UNPACKING pc=0x000001e8c93d58c3 sp=0x0000005127afa810 mode 2
Event: 3733.957 Thread 0x000001e8e4d11000 DEOPT PACKING pc=0x000001e8ca1648e7 sp=0x0000005127afa2e0
Event: 3733.957 Thread 0x000001e8e4d11000 DEOPT UNPACKING pc=0x000001e8c93d7918 sp=0x0000005127afa000 mode 0
Event: 3733.961 Thread 0x000001e8e4d11000 DEOPT PACKING pc=0x000001e8ce45f215 sp=0x0000005127afa350
Event: 3733.961 Thread 0x000001e8e4d11000 DEOPT UNPACKING pc=0x000001e8c93d7918 sp=0x0000005127afa398 mode 0


Dynamic libraries:
0x00007ff7eb430000 - 0x00007ff7eb47a000 	E:\Java\bin\java.exe
0x00007ffdca850000 - 0x00007ffdcaa67000 	C:\Windows\SYSTEM32\ntdll.dll
0x00007ffdc9d20000 - 0x00007ffdc9de4000 	C:\Windows\System32\KERNEL32.DLL
0x00007ffdc7d00000 - 0x00007ffdc80a6000 	C:\Windows\System32\KERNELBASE.dll
0x00007ffdc86b0000 - 0x00007ffdc8761000 	C:\Windows\System32\ADVAPI32.dll
0x00007ffdc8600000 - 0x00007ffdc86a7000 	C:\Windows\System32\msvcrt.dll
0x00007ffdc96a0000 - 0x00007ffdc9745000 	C:\Windows\System32\sechost.dll
0x00007ffdc9e30000 - 0x00007ffdc9f47000 	C:\Windows\System32\RPCRT4.dll
0x00007ffdc9770000 - 0x00007ffdc991e000 	C:\Windows\System32\USER32.dll
0x00007ffdc7cd0000 - 0x00007ffdc7cf6000 	C:\Windows\System32\win32u.dll
0x00007ffdc8e10000 - 0x00007ffdc8e39000 	C:\Windows\System32\GDI32.dll
0x00007ffdc8480000 - 0x00007ffdc8598000 	C:\Windows\System32\gdi32full.dll
0x00007ffdc7c30000 - 0x00007ffdc7cca000 	C:\Windows\System32\msvcp_win.dll
0x00007ffdc81f0000 - 0x00007ffdc8301000 	C:\Windows\System32\ucrtbase.dll
0x00007ffdb0830000 - 0x00007ffdb0ac3000 	C:\Windows\WinSxS\amd64_microsoft.windows.common-controls_6595b64144ccf1df_6.0.22621.2506_none_270c5ae97388e100\COMCTL32.dll
0x00007ffdc9df0000 - 0x00007ffdc9e21000 	C:\Windows\System32\IMM32.DLL
0x00007ffdac9b0000 - 0x00007ffdac9cb000 	E:\Java\jre\bin\vcruntime140.dll
0x00007ffdb56c0000 - 0x00007ffdb56cc000 	E:\Java\jre\bin\vcruntime140_1.dll
0x00007ffda79c0000 - 0x00007ffda7a4e000 	E:\Java\jre\bin\msvcp140.dll
0x00007ffd5ee90000 - 0x00007ffd5f740000 	E:\Java\jre\bin\server\jvm.dll
0x00007ffdc9760000 - 0x00007ffdc9768000 	C:\Windows\System32\PSAPI.DLL
0x00007ffdc2f20000 - 0x00007ffdc2f29000 	C:\Windows\SYSTEM32\WSOCK32.dll
0x00007ffdc11f0000 - 0x00007ffdc1224000 	C:\Windows\SYSTEM32\WINMM.dll
0x00007ffdc17a0000 - 0x00007ffdc17aa000 	C:\Windows\SYSTEM32\VERSION.dll
0x00007ffdca6e0000 - 0x00007ffdca751000 	C:\Windows\System32\WS2_32.dll
0x00007ffdc6c50000 - 0x00007ffdc6c68000 	C:\Windows\SYSTEM32\kernel.appcore.dll
0x00007ffdb5580000 - 0x00007ffdb5590000 	E:\Java\jre\bin\verify.dll
0x00007ffdab000000 - 0x00007ffdab02b000 	E:\Java\jre\bin\java.dll
0x00007ffdaafe0000 - 0x00007ffdaaff8000 	E:\Java\jre\bin\zip.dll
0x00007ffdc8e40000 - 0x00007ffdc969a000 	C:\Windows\System32\SHELL32.dll
0x00007ffdc5ae0000 - 0x00007ffdc63d6000 	C:\Windows\SYSTEM32\windows.storage.dll
0x00007ffdc8770000 - 0x00007ffdc8af9000 	C:\Windows\System32\combase.dll
0x00007ffdc59a0000 - 0x00007ffdc5ade000 	C:\Windows\SYSTEM32\wintypes.dll
0x00007ffdc9930000 - 0x00007ffdc9a23000 	C:\Windows\System32\SHCORE.dll
0x00007ffdc8d60000 - 0x00007ffdc8dbe000 	C:\Windows\System32\shlwapi.dll
0x00007ffdc7af0000 - 0x00007ffdc7b16000 	C:\Windows\SYSTEM32\profapi.dll
0x00007ffdaafc0000 - 0x00007ffdaafdc000 	E:\Java\jre\bin\net.dll
0x00007ffdc7130000 - 0x00007ffdc7199000 	C:\Windows\system32\mswsock.dll
0x00007ffdaadc0000 - 0x00007ffdaadd3000 	E:\Java\jre\bin\nio.dll
0x00007ffdae440000 - 0x00007ffdae467000 	C:\Users\50163\.gradle\native\fdc75f09e3144964f2cf3f50f0aa648679c211496f362492102eb8c894070792\windows-amd64\native-platform.dll
0x00007ffd63440000 - 0x00007ffd635d6000 	C:\Users\50163\.gradle\native\12488b8bf47d2d4c9fbf2f6322a914ad602e24e48041cd04a747c6da556b65c4\windows-amd64\native-platform-file-events.dll
0x00007ffdb5540000 - 0x00007ffdb554d000 	E:\Java\jre\bin\management.dll
0x00007ffdc7390000 - 0x00007ffdc73ab000 	C:\Windows\SYSTEM32\CRYPTSP.dll
0x00007ffdc6c10000 - 0x00007ffdc6c45000 	C:\Windows\system32\rsaenh.dll
0x00007ffdc7220000 - 0x00007ffdc724c000 	C:\Windows\SYSTEM32\USERENV.dll
0x00007ffdc7570000 - 0x00007ffdc7598000 	C:\Windows\SYSTEM32\bcrypt.dll
0x00007ffdc8170000 - 0x00007ffdc81ea000 	C:\Windows\System32\bcryptprimitives.dll
0x00007ffdc7380000 - 0x00007ffdc738c000 	C:\Windows\SYSTEM32\CRYPTBASE.dll
0x00007ffdc66c0000 - 0x00007ffdc66ed000 	C:\Windows\SYSTEM32\IPHLPAPI.DLL
0x00007ffdc9920000 - 0x00007ffdc9929000 	C:\Windows\System32\NSI.dll
0x00007ffdc1070000 - 0x00007ffdc1089000 	C:\Windows\SYSTEM32\dhcpcsvc6.DLL
0x00007ffdc1030000 - 0x00007ffdc104f000 	C:\Windows\SYSTEM32\dhcpcsvc.DLL
0x00007ffdc6730000 - 0x00007ffdc6829000 	C:\Windows\SYSTEM32\DNSAPI.dll
0x00007ffdc4cd0000 - 0x00007ffdc4cdd000 	C:\Windows\SYSTEM32\WINNSI.DLL
0x00007ffda7670000 - 0x00007ffda77ee000 	E:\Java\jre\bin\awt.dll
0x00007ffdc9ff0000 - 0x00007ffdca0c7000 	C:\Windows\System32\OLEAUT32.dll
0x00007ffdc4b50000 - 0x00007ffdc4be7000 	C:\Windows\SYSTEM32\apphelp.dll
0x00007ffdc5060000 - 0x00007ffdc508b000 	C:\Windows\system32\DWMAPI.DLL
0x00007ffdc4d10000 - 0x00007ffdc4dbb000 	C:\Windows\system32\uxtheme.dll
0x00007ffdb5a10000 - 0x00007ffdb5a3a000 	E:\Java\jre\bin\dcpr.dll
0x00007ffdb59e0000 - 0x00007ffdb5a05000 	E:\Java\jre\bin\sunec.dll
0x00007ffdbf780000 - 0x00007ffdbf78a000 	C:\Windows\System32\rasadhlp.dll
0x00007ffdc0890000 - 0x00007ffdc0913000 	C:\Windows\System32\fwpuclnt.dll
0x00007ffdc2f90000 - 0x00007ffdc2f9d000 	E:\Java\jre\bin\sunmscapi.dll
0x00007ffdc8310000 - 0x00007ffdc8476000 	C:\Windows\System32\CRYPT32.dll
0x00007ffdc7540000 - 0x00007ffdc756d000 	C:\Windows\SYSTEM32\ncrypt.dll
0x00007ffdc7500000 - 0x00007ffdc7537000 	C:\Windows\SYSTEM32\NTASN1.dll
0x00007ffdc5670000 - 0x00007ffdc58a3000 	C:\Windows\SYSTEM32\dbghelp.dll

VM Arguments:
jvm_args: -Xmx1536m -Dfile.encoding=GBK -Duser.country=US -Duser.language=en -Duser.variant 
java_command: org.gradle.launcher.daemon.bootstrap.GradleDaemon 6.7.1
java_class_path (initial): C:\Users\50163\.gradle\wrapper\dists\gradle-6.7.1-all\2moa8rlfac5eqlcfgk98k0deb\gradle-6.7.1\lib\gradle-launcher-6.7.1.jar
Launcher Type: SUN_STANDARD

Environment Variables:
JAVA_HOME=E:\Java
JRE_HOME=E:\Java\JAVA_jre
CLASSPATH=.;E:\Javalibdt.jar;E:\Javalib\tools.jar
PATH=E:\Tool\apache-maven-3.9.5\bin;E:\Java\bin;C:\Program Files (x86)\Common Files\Oracle\Java\javapath;D:\Professional software\PYTHON\Scripts\;D:\Professional software\PYTHON\;D:\Professional software\VMware\install\bin\;C:\Program Files (x86)\Common Files\Intel\Shared Libraries\redist\intel64\compiler;C:\Windows\system32;C:\Windows;C:\Windows\System32\Wbem;C:\Windows\System32\WindowsPowerShell\v1.0\;D:\应用软件\BANDIZIP\install\Bandizip\;C:\;rogram Files\Common Files\Autodesk Shared\;C:\Program Files\Microsoft SQL Server\120\Tools\Binn\;C:\Program Files (x86)\dotnet\;D:\Professional software\Mysql\install\bin;E:\Java\JAVA_jre;D:\应用软件\腾讯软件\QQ\file_guanli\apache-tomcat-8.5.83\bin;E:\Java\bin;D:\Professional software\Mysql\install\mysql-8.0.21-winx64\bin;C:\Program Files (x86)\STMicroelectronics\STM32 ST-LINK Utility\ST-LINK Utility;E:\Tool\Git\Git\cmd;E:\Tool\Git\Git_CLI\;E:\Tool\OS\Putty\;E:\Tool\SQLyog\SQLyog Community;C:\Users\50163\AppData\Local\Microsoft\WindowsApps;D:\Professional software\programming\PyCharm\PyCharm Community Edition 2022.2.2\bin;;D:\应用软件\腾讯软件\QQ\install\Bin;
USERNAME=50163
OS=Windows_NT
PROCESSOR_IDENTIFIER=Intel64 Family 6 Model 165 Stepping 2, GenuineIntel



---------------  S Y S T E M  ---------------

OS: Windows 11 , 64 bit Build 22621 (10.0.22621.2506)

CPU:total 8 (initial active 8) (4 cores per cpu, 2 threads per core) family 6 model 165 stepping 2, cmov, cx8, fxsr, mmx, sse, sse2, sse3, ssse3, sse4.1, sse4.2, popcnt, avx, avx2, aes, clmul, erms, 3dnowpref, lzcnt, ht, tsc, tscinvbit, bmi1, bmi2, adx

Memory: 4k page, physical 8218008k(632628k free), swap 21983936k(99668k free)

vm_info: Java HotSpot(TM) 64-Bit Server VM (25.381-b09) for windows-amd64 JRE (1.8.0_381-b09), built on Jun 14 2023 13:50:38 by "java_re" with MS VC++ 17.1 (VS2022)

time: Fri Jan  5 01:57:20 2024
timezone: Intel64 Family 6 Model 165 Stepping 2, GenuineIntel
elapsed time: 3734.160988 seconds (0d 1h 2m 14s)

