#
# There is insufficient memory for the Java Runtime Environment to continue.
# Native memory allocation (malloc) failed to allocate 32784 bytes for Chunk::new
# Possible reasons:
#   The system is out of physical RAM or swap space
#   The process is running with CompressedOops enabled, and the Java Heap may be blocking the growth of the native heap
# Possible solutions:
#   Reduce memory load on the system
#   Increase physical memory or swap space
#   Check if swap backing store is full
#   Decrease Java heap size (-Xmx/-Xms)
#   Decrease number of Java threads
#   Decrease Java thread stack sizes (-Xss)
#   Set larger code cache with -XX:ReservedCodeCacheSize=
#   JVM is running with Unscaled Compressed Oops mode in which the Java heap is
#     placed in the first 4GB address space. The Java Heap base address is the
#     maximum limit for the native heap growth. Please use -XX:HeapBaseMinAddress
#     to set the Java Heap base and to place the Java Heap above 4GB virtual address.
# This output file may be truncated or incomplete.
#
#  Out of Memory Error (allocation.cpp:389), pid=5876, tid=0x00000000000036ac
#
# JRE version: Java(TM) SE Runtime Environment (8.0_381) (build 1.8.0_381-b09)
# Java VM: Java HotSpot(TM) 64-Bit Server VM (25.381-b09 mixed mode windows-amd64 compressed oops)
# Failed to write core dump. Minidumps are not enabled by default on client versions of Windows
#

---------------  T H R E A D  ---------------

Current thread (0x000002a1ef7b5000):  JavaThread "C2 CompilerThread2" daemon [_thread_in_native, id=13996, stack(0x000000ba40200000,0x000000ba40300000)]

Stack: [0x000000ba40200000,0x000000ba40300000]
Native frames: (J=compiled Java code, j=interpreted, Vv=VM code, C=native code)
V  [jvm.dll+0x353039]
V  [jvm.dll+0x290052]
V  [jvm.dll+0x290c1d]
V  [jvm.dll+0x285255]
V  [jvm.dll+0xdb9bc]
V  [jvm.dll+0xdc1cc]
V  [jvm.dll+0x173f3]
V  [jvm.dll+0x4875fa]
V  [jvm.dll+0x489422]
V  [jvm.dll+0x487299]
V  [jvm.dll+0x48699a]
V  [jvm.dll+0x469850]
V  [jvm.dll+0x468d29]
V  [jvm.dll+0x452a5b]
V  [jvm.dll+0xb0766]
V  [jvm.dll+0xaee3f]
V  [jvm.dll+0x251602]
V  [jvm.dll+0x2accec]
C  [ucrtbase.dll+0x29363]
C  [KERNEL32.DLL+0x1257d]
C  [ntdll.dll+0x5aa58]


Current CompileTask:
C2:  10385 7120       4       org.gradle.cache.internal.btree.CachingBlockStore::read (56 bytes)


---------------  P R O C E S S  ---------------

Java Threads: ( => current thread )
  0x000002a1f7e48800 JavaThread "WorkerExecutor Queue Thread 2" [_thread_blocked, id=29892, stack(0x000000ba49100000,0x000000ba49200000)]
  0x000002a1f7e46800 JavaThread "WorkerExecutor Queue" [_thread_blocked, id=27012, stack(0x000000ba49000000,0x000000ba49100000)]
  0x000002a1f7e4b000 JavaThread "Cache worker for execution history cache (E:\Android_studio_project\qianqiandeshengdan-master\.gradle\6.7.1\executionHistory)" [_thread_blocked, id=8444, stack(0x000000ba48f00000,0x000000ba49000000)]
  0x000002a1f7d88800 JavaThread "Execution worker for ':' Thread 7" [_thread_blocked, id=29112, stack(0x000000ba48e00000,0x000000ba48f00000)]
  0x000002a1f7d81000 JavaThread "Execution worker for ':' Thread 6" [_thread_blocked, id=8640, stack(0x000000ba48d00000,0x000000ba48e00000)]
  0x000002a1f7d84000 JavaThread "Execution worker for ':' Thread 5" [_thread_blocked, id=7384, stack(0x000000ba48c00000,0x000000ba48d00000)]
  0x000002a1f7d87800 JavaThread "Execution worker for ':' Thread 4" [_thread_blocked, id=29032, stack(0x000000ba48b00000,0x000000ba48c00000)]
  0x000002a1f7d82800 JavaThread "Execution worker for ':' Thread 3" [_thread_blocked, id=30544, stack(0x000000ba48a00000,0x000000ba48b00000)]
  0x000002a1f7d85800 JavaThread "Execution worker for ':' Thread 2" [_thread_blocked, id=29260, stack(0x000000ba48900000,0x000000ba48a00000)]
  0x000002a1f7d83000 JavaThread "Execution worker for ':'" [_thread_blocked, id=11812, stack(0x000000ba48800000,0x000000ba48900000)]
  0x000002a1f7d87000 JavaThread "build event listener" [_thread_blocked, id=30168, stack(0x000000ba48700000,0x000000ba48800000)]
  0x000002a1f7d86000 JavaThread "build event listener" [_thread_blocked, id=13640, stack(0x000000ba48600000,0x000000ba48700000)]
  0x000002a1f7d7d000 JavaThread "Memory manager" [_thread_blocked, id=23344, stack(0x000000ba48500000,0x000000ba48600000)]
  0x000002a1f7d7a000 JavaThread "jar transforms Thread 97" [_thread_blocked, id=16340, stack(0x000000ba48400000,0x000000ba48500000)]
  0x000002a1f7d7f800 JavaThread "jar transforms Thread 96" [_thread_blocked, id=15824, stack(0x000000ba48300000,0x000000ba48400000)]
  0x000002a1f7d7b800 JavaThread "jar transforms Thread 95" [_thread_blocked, id=30256, stack(0x000000ba48200000,0x000000ba48300000)]
  0x000002a1f7d7b000 JavaThread "jar transforms Thread 94" [_thread_blocked, id=21384, stack(0x000000ba48100000,0x000000ba48200000)]
  0x000002a1f1c26800 JavaThread "jar transforms Thread 93" [_thread_blocked, id=7304, stack(0x000000ba48000000,0x000000ba48100000)]
  0x000002a1f1c26000 JavaThread "jar transforms Thread 92" [_thread_blocked, id=1448, stack(0x000000ba47f00000,0x000000ba48000000)]
  0x000002a1f1c25000 JavaThread "jar transforms Thread 91" [_thread_blocked, id=29564, stack(0x000000ba47e00000,0x000000ba47f00000)]
  0x000002a1f1c24800 JavaThread "jar transforms Thread 90" [_thread_blocked, id=4224, stack(0x000000ba47d00000,0x000000ba47e00000)]
  0x000002a1f1c23000 JavaThread "jar transforms Thread 89" [_thread_blocked, id=28632, stack(0x000000ba47c00000,0x000000ba47d00000)]
  0x000002a1f1c23800 JavaThread "jar transforms Thread 88" [_thread_blocked, id=28460, stack(0x000000ba47b00000,0x000000ba47c00000)]
  0x000002a1f1c1b800 JavaThread "jar transforms Thread 87" [_thread_blocked, id=7112, stack(0x000000ba47a00000,0x000000ba47b00000)]
  0x000002a1f1c22000 JavaThread "jar transforms Thread 86" [_thread_blocked, id=2104, stack(0x000000ba47900000,0x000000ba47a00000)]
  0x000002a1f1c1d800 JavaThread "jar transforms Thread 85" [_thread_blocked, id=18540, stack(0x000000ba47800000,0x000000ba47900000)]
  0x000002a1f1c1a800 JavaThread "jar transforms Thread 84" [_thread_blocked, id=14232, stack(0x000000ba47700000,0x000000ba47800000)]
  0x000002a1f1c21800 JavaThread "jar transforms Thread 83" [_thread_blocked, id=27096, stack(0x000000ba47600000,0x000000ba47700000)]
  0x000002a1f1c1a000 JavaThread "jar transforms Thread 82" [_thread_blocked, id=28700, stack(0x000000ba47500000,0x000000ba47600000)]
  0x000002a1f1c20800 JavaThread "jar transforms Thread 81" [_thread_blocked, id=27400, stack(0x000000ba47400000,0x000000ba47500000)]
  0x000002a1f1c20000 JavaThread "jar transforms Thread 80" [_thread_blocked, id=2728, stack(0x000000ba47300000,0x000000ba47400000)]
  0x000002a1f1c1c000 JavaThread "jar transforms Thread 79" [_thread_blocked, id=26632, stack(0x000000ba47200000,0x000000ba47300000)]
  0x000002a1f1c1f000 JavaThread "jar transforms Thread 78" [_thread_blocked, id=24784, stack(0x000000ba47100000,0x000000ba47200000)]
  0x000002a1f1c1d000 JavaThread "jar transforms Thread 77" [_thread_blocked, id=16380, stack(0x000000ba47000000,0x000000ba47100000)]
  0x000002a1f1c19000 JavaThread "jar transforms Thread 76" [_thread_blocked, id=25348, stack(0x000000ba46f00000,0x000000ba47000000)]
  0x000002a1f1c1e800 JavaThread "jar transforms Thread 75" [_thread_blocked, id=2892, stack(0x000000ba46e00000,0x000000ba46f00000)]
  0x000002a1f1c17800 JavaThread "jar transforms Thread 74" [_thread_blocked, id=10912, stack(0x000000ba46d00000,0x000000ba46e00000)]
  0x000002a1f1c18800 JavaThread "jar transforms Thread 73" [_thread_blocked, id=17164, stack(0x000000ba46c00000,0x000000ba46d00000)]
  0x000002a1f2e52000 JavaThread "jar transforms Thread 72" [_thread_blocked, id=19476, stack(0x000000ba46b00000,0x000000ba46c00000)]
  0x000002a1f2e51800 JavaThread "jar transforms Thread 71" [_thread_blocked, id=2808, stack(0x000000ba46a00000,0x000000ba46b00000)]
  0x000002a1f2e54800 JavaThread "jar transforms Thread 70" [_thread_blocked, id=25120, stack(0x000000ba46900000,0x000000ba46a00000)]
  0x000002a1f2e50800 JavaThread "jar transforms Thread 69" [_thread_blocked, id=18572, stack(0x000000ba46800000,0x000000ba46900000)]
  0x000002a1f2e53800 JavaThread "jar transforms Thread 68" [_thread_blocked, id=17624, stack(0x000000ba46700000,0x000000ba46800000)]
  0x000002a1f2e50000 JavaThread "jar transforms Thread 67" [_thread_blocked, id=19852, stack(0x000000ba46600000,0x000000ba46700000)]
  0x000002a1f2e53000 JavaThread "jar transforms Thread 66" [_thread_blocked, id=17648, stack(0x000000ba46500000,0x000000ba46600000)]
  0x000002a1f2e4f000 JavaThread "jar transforms Thread 65" [_thread_blocked, id=24828, stack(0x000000ba46400000,0x000000ba46500000)]
  0x000002a1f2e47800 JavaThread "jar transforms Thread 64" [_thread_blocked, id=12304, stack(0x000000ba46300000,0x000000ba46400000)]
  0x000002a1f2e4e800 JavaThread "jar transforms Thread 63" [_thread_blocked, id=3736, stack(0x000000ba46200000,0x000000ba46300000)]
  0x000002a1f2e4d800 JavaThread "jar transforms Thread 62" [_thread_blocked, id=22268, stack(0x000000ba46100000,0x000000ba46200000)]
  0x000002a1f2e47000 JavaThread "jar transforms Thread 61" [_thread_blocked, id=17244, stack(0x000000ba46000000,0x000000ba46100000)]
  0x000002a1f2e46000 JavaThread "jar transforms Thread 60" [_thread_blocked, id=9884, stack(0x000000ba45f00000,0x000000ba46000000)]
  0x000002a1f2e4b800 JavaThread "jar transforms Thread 59" [_thread_blocked, id=15632, stack(0x000000ba45e00000,0x000000ba45f00000)]
  0x000002a1f2e4a800 JavaThread "jar transforms Thread 58" [_thread_blocked, id=20032, stack(0x000000ba45d00000,0x000000ba45e00000)]
  0x000002a1f2e4c000 JavaThread "jar transforms Thread 57" [_thread_blocked, id=27204, stack(0x000000ba45c00000,0x000000ba45d00000)]
  0x000002a1f2e49000 JavaThread "jar transforms Thread 56" [_thread_blocked, id=27512, stack(0x000000ba45b00000,0x000000ba45c00000)]
  0x000002a1f2e48800 JavaThread "jar transforms Thread 55" [_thread_blocked, id=28156, stack(0x000000ba45a00000,0x000000ba45b00000)]
  0x000002a1f2e4d000 JavaThread "jar transforms Thread 54" [_thread_blocked, id=27000, stack(0x000000ba45900000,0x000000ba45a00000)]
  0x000002a1f2e4a000 JavaThread "jar transforms Thread 53" [_thread_blocked, id=28168, stack(0x000000ba45800000,0x000000ba45900000)]
  0x000002a1f2e45800 JavaThread "jar transforms Thread 52" [_thread_blocked, id=28252, stack(0x000000ba45700000,0x000000ba45800000)]
  0x000002a1f56df800 JavaThread "jar transforms Thread 51" [_thread_blocked, id=3200, stack(0x000000ba45600000,0x000000ba45700000)]
  0x000002a1f56e0000 JavaThread "jar transforms Thread 50" [_thread_blocked, id=13444, stack(0x000000ba45500000,0x000000ba45600000)]
  0x000002a1f56e2800 JavaThread "jar transforms Thread 49" [_thread_blocked, id=17540, stack(0x000000ba45400000,0x000000ba45500000)]
  0x000002a1f56e3000 JavaThread "jar transforms Thread 48" [_thread_blocked, id=18160, stack(0x000000ba45300000,0x000000ba45400000)]
  0x000002a1f56dd000 JavaThread "jar transforms Thread 47" [_thread_blocked, id=26392, stack(0x000000ba45200000,0x000000ba45300000)]
  0x000002a1f56e1800 JavaThread "jar transforms Thread 46" [_thread_blocked, id=23932, stack(0x000000ba45100000,0x000000ba45200000)]
  0x000002a1f56de000 JavaThread "jar transforms Thread 45" [_thread_blocked, id=14096, stack(0x000000ba45000000,0x000000ba45100000)]
  0x000002a1f56e1000 JavaThread "jar transforms Thread 44" [_thread_blocked, id=2584, stack(0x000000ba44f00000,0x000000ba45000000)]
  0x000002a1f56de800 JavaThread "jar transforms Thread 43" [_thread_blocked, id=11868, stack(0x000000ba44e00000,0x000000ba44f00000)]
  0x000002a1f56d5800 JavaThread "jar transforms Thread 42" [_thread_blocked, id=13980, stack(0x000000ba44d00000,0x000000ba44e00000)]
  0x000002a1f56dc800 JavaThread "jar transforms Thread 41" [_thread_blocked, id=24508, stack(0x000000ba44c00000,0x000000ba44d00000)]
  0x000002a1f56db800 JavaThread "jar transforms Thread 40" [_thread_blocked, id=11828, stack(0x000000ba44b00000,0x000000ba44c00000)]
  0x000002a1f56d4000 JavaThread "jar transforms Thread 39" [_thread_blocked, id=27316, stack(0x000000ba44a00000,0x000000ba44b00000)]
  0x000002a1f56d6800 JavaThread "jar transforms Thread 38" [_thread_blocked, id=19192, stack(0x000000ba44900000,0x000000ba44a00000)]
  0x000002a1f56db000 JavaThread "jar transforms Thread 37" [_thread_blocked, id=27108, stack(0x000000ba44800000,0x000000ba44900000)]
  0x000002a1f56da000 JavaThread "jar transforms Thread 36" [_thread_blocked, id=27224, stack(0x000000ba44700000,0x000000ba44800000)]
  0x000002a1f56d7000 JavaThread "jar transforms Thread 35" [_thread_blocked, id=27172, stack(0x000000ba44600000,0x000000ba44700000)]
  0x000002a1f56d9800 JavaThread "jar transforms Thread 34" [_thread_blocked, id=8572, stack(0x000000ba44500000,0x000000ba44600000)]
  0x000002a1f56d8800 JavaThread "jar transforms Thread 33" [_thread_blocked, id=18972, stack(0x000000ba44400000,0x000000ba44500000)]
  0x000002a1f56d8000 JavaThread "jar transforms Thread 32" [_thread_blocked, id=2120, stack(0x000000ba44300000,0x000000ba44400000)]
  0x000002a1f56d5000 JavaThread "jar transforms Thread 31" [_thread_blocked, id=17600, stack(0x000000ba44200000,0x000000ba44300000)]
  0x000002a1f697b800 JavaThread "jar transforms Thread 30" [_thread_blocked, id=27724, stack(0x000000ba44100000,0x000000ba44200000)]
  0x000002a1f697a800 JavaThread "jar transforms Thread 29" [_thread_blocked, id=7412, stack(0x000000ba44000000,0x000000ba44100000)]
  0x000002a1f697f000 JavaThread "jar transforms Thread 28" [_thread_blocked, id=8180, stack(0x000000ba43f00000,0x000000ba44000000)]
  0x000002a1f697e800 JavaThread "jar transforms Thread 27" [_thread_blocked, id=26948, stack(0x000000ba43e00000,0x000000ba43f00000)]
  0x000002a1f697d800 JavaThread "jar transforms Thread 26" [_thread_blocked, id=12392, stack(0x000000ba43d00000,0x000000ba43e00000)]
  0x000002a1f697c000 JavaThread "jar transforms Thread 25" [_thread_blocked, id=20992, stack(0x000000ba43c00000,0x000000ba43d00000)]
  0x000002a1f6980000 JavaThread "jar transforms Thread 24" [_thread_blocked, id=18796, stack(0x000000ba43b00000,0x000000ba43c00000)]
  0x000002a1f697d000 JavaThread "jar transforms Thread 23" [_thread_blocked, id=27508, stack(0x000000ba43a00000,0x000000ba43b00000)]
  0x000002a1f6973000 JavaThread "jar transforms Thread 22" [_thread_blocked, id=27364, stack(0x000000ba43900000,0x000000ba43a00000)]
  0x000002a1f697a000 JavaThread "jar transforms Thread 21" [_thread_blocked, id=27380, stack(0x000000ba43800000,0x000000ba43900000)]
  0x000002a1f6979000 JavaThread "jar transforms Thread 20" [_thread_blocked, id=15252, stack(0x000000ba43700000,0x000000ba43800000)]
  0x000002a1f6971800 JavaThread "jar transforms Thread 19" [_thread_blocked, id=27932, stack(0x000000ba43600000,0x000000ba43700000)]
  0x000002a1f6978800 JavaThread "jar transforms Thread 18" [_thread_blocked, id=21740, stack(0x000000ba43500000,0x000000ba43600000)]
  0x000002a1f6971000 JavaThread "jar transforms Thread 17" [_thread_blocked, id=7676, stack(0x000000ba43400000,0x000000ba43500000)]
  0x000002a1f6977000 JavaThread "jar transforms Thread 16" [_thread_blocked, id=11184, stack(0x000000ba43300000,0x000000ba43400000)]
  0x000002a1f6976000 JavaThread "jar transforms Thread 15" [_thread_blocked, id=14884, stack(0x000000ba43200000,0x000000ba43300000)]
  0x000002a1f6977800 JavaThread "jar transforms Thread 14" [_thread_blocked, id=5604, stack(0x000000ba43100000,0x000000ba43200000)]
  0x000002a1f6972800 JavaThread "jar transforms Thread 13" [_thread_blocked, id=14680, stack(0x000000ba43000000,0x000000ba43100000)]
  0x000002a1f6974800 JavaThread "jar transforms Thread 12" [_thread_blocked, id=1988, stack(0x000000ba42f00000,0x000000ba43000000)]
  0x000002a1f6974000 JavaThread "jar transforms Thread 11" [_thread_blocked, id=26176, stack(0x000000ba42e00000,0x000000ba42f00000)]
  0x000002a1f6975800 JavaThread "jar transforms Thread 10" [_thread_blocked, id=16852, stack(0x000000ba42d00000,0x000000ba42e00000)]
  0x000002a1f483e800 JavaThread "jar transforms Thread 9" [_thread_blocked, id=9400, stack(0x000000ba42c00000,0x000000ba42d00000)]
  0x000002a1f483d000 JavaThread "jar transforms Thread 8" [_thread_blocked, id=11304, stack(0x000000ba42b00000,0x000000ba42c00000)]
  0x000002a1f4842800 JavaThread "jar transforms Thread 7" [_thread_blocked, id=7936, stack(0x000000ba42a00000,0x000000ba42b00000)]
  0x000002a1f4841800 JavaThread "jar transforms Thread 6" [_thread_blocked, id=24392, stack(0x000000ba42900000,0x000000ba42a00000)]
  0x000002a1f4841000 JavaThread "jar transforms Thread 5" [_thread_blocked, id=11584, stack(0x000000ba42800000,0x000000ba42900000)]
  0x000002a1f4840000 JavaThread "jar transforms Thread 4" [_thread_blocked, id=25336, stack(0x000000ba42700000,0x000000ba42800000)]
  0x000002a1f483f800 JavaThread "jar transforms Thread 3" [_thread_blocked, id=13984, stack(0x000000ba42600000,0x000000ba42700000)]
  0x000002a1f4844000 JavaThread "jar transforms Thread 2" [_thread_blocked, id=19484, stack(0x000000ba42500000,0x000000ba42600000)]
  0x000002a1f483e000 JavaThread "Build operations Thread 8" [_thread_in_Java, id=9220, stack(0x000000ba42400000,0x000000ba42500000)]
  0x000002a1f4843000 JavaThread "Build operations Thread 7" [_thread_in_native, id=12204, stack(0x000000ba42300000,0x000000ba42400000)]
  0x000002a1f4837000 JavaThread "Build operations Thread 6" [_thread_blocked, id=20500, stack(0x000000ba42200000,0x000000ba42300000)]
  0x000002a1f4835800 JavaThread "Build operations Thread 5" [_thread_in_Java, id=15456, stack(0x000000ba42100000,0x000000ba42200000)]
  0x000002a1f483c800 JavaThread "Build operations Thread 4" [_thread_blocked, id=11664, stack(0x000000ba42000000,0x000000ba42100000)]
  0x000002a1f4835000 JavaThread "Build operations Thread 3" [_thread_in_native, id=14816, stack(0x000000ba41f00000,0x000000ba42000000)]
  0x000002a1f483b800 JavaThread "Build operations Thread 2" [_thread_in_native, id=5024, stack(0x000000ba41e00000,0x000000ba41f00000)]
  0x000002a1f4836800 JavaThread "Build operations" [_thread_in_native, id=24840, stack(0x000000ba41d00000,0x000000ba41e00000)]
  0x000002a1f483b000 JavaThread "Cache worker for Build Output Cleanup Cache (E:\Android_studio_project\qianqiandeshengdan-master\.gradle\buildOutputCleanup)" [_thread_blocked, id=20796, stack(0x000000ba41c00000,0x000000ba41d00000)]
  0x000002a1f4838800 JavaThread "Cache worker for file content cache (C:\Users\50163\.gradle\caches\6.7.1\fileContent)" [_thread_blocked, id=25156, stack(0x000000ba41b00000,0x000000ba41c00000)]
  0x000002a1f3d66000 JavaThread "jar transforms" [_thread_blocked, id=18888, stack(0x000000ba41a00000,0x000000ba41b00000)]
  0x000002a1f3d64800 JavaThread "Cache worker for execution history cache (C:\Users\50163\.gradle\caches\6.7.1\executionHistory)" [_thread_blocked, id=11936, stack(0x000000ba41900000,0x000000ba41a00000)]
  0x000002a1f3d60800 JavaThread "Cache worker for cache directory md-rule (C:\Users\50163\.gradle\caches\6.7.1\md-rule)" [_thread_blocked, id=23224, stack(0x000000ba41800000,0x000000ba41900000)]
  0x000002a1f3d63800 JavaThread "Cache worker for cache directory md-supplier (C:\Users\50163\.gradle\caches\6.7.1\md-supplier)" [_thread_blocked, id=23688, stack(0x000000ba41700000,0x000000ba41800000)]
  0x000002a1f3d63000 JavaThread "Cache worker for checksums cache (E:\Android_studio_project\qianqiandeshengdan-master\.gradle\checksums)" [_thread_blocked, id=27368, stack(0x000000ba41600000,0x000000ba41700000)]
  0x000002a1f3d65000 JavaThread "Cache worker for file hash cache (E:\Android_studio_project\qianqiandeshengdan-master\.gradle\6.7.1\fileHashes)" [_thread_blocked, id=27268, stack(0x000000ba41500000,0x000000ba41600000)]
  0x000002a1f3d62000 JavaThread "Cache worker for journal cache (C:\Users\50163\.gradle\caches\journal-1)" [_thread_in_Java, id=27996, stack(0x000000ba41400000,0x000000ba41500000)]
  0x000002a1f3d60000 JavaThread "File lock request listener" [_thread_in_native, id=4092, stack(0x000000ba41300000,0x000000ba41400000)]
  0x000002a1f3d61800 JavaThread "Cache worker for file hash cache (C:\Users\50163\.gradle\caches\6.7.1\fileHashes)" [_thread_blocked, id=26736, stack(0x000000ba41200000,0x000000ba41300000)]
  0x000002a1f32c1000 JavaThread "Thread-9" [_thread_blocked, id=28084, stack(0x000000ba41100000,0x000000ba41200000)]
  0x000002a1f1d6c800 JavaThread "Stdin handler" [_thread_blocked, id=27852, stack(0x000000ba41000000,0x000000ba41100000)]
  0x000002a1f1d6b800 JavaThread "Asynchronous log dispatcher for DefaultDaemonConnection: socket connection from /127.0.0.1:6715 to /127.0.0.1:6716" [_thread_in_Java, id=8576, stack(0x000000ba40f00000,0x000000ba41000000)]
  0x000002a1f3240800 JavaThread "Daemon worker" [_thread_blocked, id=28140, stack(0x000000ba40e00000,0x000000ba40f00000)]
  0x000002a1f323b000 JavaThread "Cancel handler" [_thread_blocked, id=28344, stack(0x000000ba40d00000,0x000000ba40e00000)]
  0x000002a1f3177800 JavaThread "Handler for socket connection from /127.0.0.1:6715 to /127.0.0.1:6716" [_thread_in_native, id=27924, stack(0x000000ba40c00000,0x000000ba40d00000)]
  0x000002a1f3126000 JavaThread "Daemon" [_thread_blocked, id=27908, stack(0x000000ba40b00000,0x000000ba40c00000)]
  0x000002a1f3127000 JavaThread "Daemon periodic checks" [_thread_blocked, id=28384, stack(0x000000ba40a00000,0x000000ba40b00000)]
  0x000002a1f3122000 JavaThread "Incoming local TCP Connector on port 6715" [_thread_in_native, id=28068, stack(0x000000ba40900000,0x000000ba40a00000)]
  0x000002a1f30cc800 JavaThread "Daemon health stats" [_thread_blocked, id=25792, stack(0x000000ba40600000,0x000000ba40700000)]
  0x000002a1f1570800 JavaThread "Service Thread" daemon [_thread_blocked, id=8840, stack(0x000000ba40400000,0x000000ba40500000)]
  0x000002a1ef7b8000 JavaThread "C1 CompilerThread3" daemon [_thread_in_native, id=28312, stack(0x000000ba40300000,0x000000ba40400000)]
=>0x000002a1ef7b5000 JavaThread "C2 CompilerThread2" daemon [_thread_in_native, id=13996, stack(0x000000ba40200000,0x000000ba40300000)]
  0x000002a1ef7b1800 JavaThread "C2 CompilerThread1" daemon [_thread_in_native, id=23044, stack(0x000000ba40100000,0x000000ba40200000)]
  0x000002a1ef757800 JavaThread "C2 CompilerThread0" daemon [_thread_in_native, id=21908, stack(0x000000ba40000000,0x000000ba40100000)]
  0x000002a1ef757000 JavaThread "Attach Listener" daemon [_thread_blocked, id=28636, stack(0x000000ba3ff00000,0x000000ba40000000)]
  0x000002a1ef740800 JavaThread "Signal Dispatcher" daemon [_thread_blocked, id=15464, stack(0x000000ba3fe00000,0x000000ba3ff00000)]
  0x000002a1ef725800 JavaThread "Finalizer" daemon [_thread_blocked, id=13440, stack(0x000000ba3fd00000,0x000000ba3fe00000)]
  0x000002a1ef71e000 JavaThread "Reference Handler" daemon [_thread_blocked, id=28360, stack(0x000000ba3fc00000,0x000000ba3fd00000)]
  0x000002a1da77a000 JavaThread "main" [_thread_blocked, id=13480, stack(0x000000ba3f200000,0x000000ba3f300000)]

Other Threads:
  0x000002a1ef6f4800 VMThread [stack: 0x000000ba3fb00000,0x000000ba3fc00000] [id=24592]
  0x000002a1f150f000 WatcherThread [stack: 0x000000ba40500000,0x000000ba40600000] [id=28488]

VM state:not at safepoint (normal execution)

VM Mutex/Monitor currently owned by a thread: None

heap address: 0x00000000a0000000, size: 1536 MB, Compressed Oops mode: 32-bit
Narrow klass base: 0x0000000000000000, Narrow klass shift: 3
Compressed class space size: 1073741824 Address: 0x0000000100000000

Heap:
 PSYoungGen      total 208384K, used 42244K [0x00000000e0000000, 0x00000000f0700000, 0x0000000100000000)
  eden space 189440K, 12% used [0x00000000e0000000,0x00000000e16e07a8,0x00000000eb900000)
  from space 18944K, 99% used [0x00000000eb900000,0x00000000ecb60ab8,0x00000000ecb80000)
  to   space 21504K, 0% used [0x00000000ef200000,0x00000000ef200000,0x00000000f0700000)
 ParOldGen       total 84992K, used 34145K [0x00000000a0000000, 0x00000000a5300000, 0x00000000e0000000)
  object space 84992K, 40% used [0x00000000a0000000,0x00000000a21585b8,0x00000000a5300000)
 Metaspace       used 66636K, capacity 70148K, committed 70272K, reserved 1110016K
  class space    used 9435K, capacity 10058K, committed 10112K, reserved 1048576K

Card table byte_map: [0x000002a1eb4a0000,0x000002a1eb7b0000] byte_map_base: 0x000002a1eafa0000

Marking Bits: (ParMarkBitMap*) 0x00007ffe443d6040
 Begin Bits: [0x000002a1eb9b0000, 0x000002a1ed1b0000)
 End Bits:   [0x000002a1ed1b0000, 0x000002a1ee9b0000)

Polling page: 0x000002a1dc0b0000

CodeCache: size=245760Kb used=19831Kb max_used=19831Kb free=225928Kb
 bounds [0x000002a1dc0e0000, 0x000002a1dd460000, 0x000002a1eb0e0000]
 total_blobs=7106 nmethods=6319 adapters=699
 compilation: enabled

Compilation events (10 events):
Event: 10.352 Thread 0x000002a1ef7b8000 7238       3       org.gradle.internal.fingerprint.classpath.impl.ClasspathFingerprintingStrategy$ClasspathFingerprintVisitor::preVisitDirectory (10 bytes)
Event: 10.352 Thread 0x000002a1ef7b8000 nmethod 7238 0x000002a1dceea710 code [0x000002a1dceea880, 0x000002a1dceeab50]
Event: 10.352 Thread 0x000002a1ef7b8000 7239       3       org.gradle.internal.fingerprint.classpath.impl.ClasspathFingerprintingStrategy$ClasspathContentFingerprintingVisitor::postVisitDirectory (16 bytes)
Event: 10.353 Thread 0x000002a1ef7b8000 nmethod 7239 0x000002a1dcee9e90 code [0x000002a1dceea040, 0x000002a1dceea4b0]
Event: 10.353 Thread 0x000002a1ef7b8000 7240       3       org.gradle.internal.fingerprint.classpath.impl.ClasspathFingerprintingStrategy$ClasspathFingerprintVisitor::postVisitDirectory (8 bytes)
Event: 10.353 Thread 0x000002a1ef7b8000 nmethod 7240 0x000002a1dcee97d0 code [0x000002a1dcee9960, 0x000002a1dcee9d00]
Event: 10.353 Thread 0x000002a1ef7b8000 7243       3       com.google.common.collect.ImmutableMultimap$Builder::put (50 bytes)
Event: 10.353 Thread 0x000002a1ef7b8000 nmethod 7243 0x000002a1dd4224d0 code [0x000002a1dd4226a0, 0x000002a1dd422ee0]
Event: 10.353 Thread 0x000002a1ef7b8000 7244       3       com.google.common.collect.ImmutableSortedMap$Builder::ensureCapacity (44 bytes)
Event: 10.354 Thread 0x000002a1ef7b8000 nmethod 7244 0x000002a1dcee9010 code [0x000002a1dcee91a0, 0x000002a1dcee95f0]

GC Heap History (10 events):
Event: 6.374 GC heap before
{Heap before GC invocations=12 (full 2):
 PSYoungGen      total 136192K, used 125440K [0x00000000e0000000, 0x00000000eb900000, 0x0000000100000000)
  eden space 125440K, 100% used [0x00000000e0000000,0x00000000e7a80000,0x00000000e7a80000)
  from space 10752K, 0% used [0x00000000e7a80000,0x00000000e7a80000,0x00000000e8500000)
  to   space 12288K, 0% used [0x00000000ead00000,0x00000000ead00000,0x00000000eb900000)
 ParOldGen       total 84992K, used 18065K [0x00000000a0000000, 0x00000000a5300000, 0x00000000e0000000)
  object space 84992K, 21% used [0x00000000a0000000,0x00000000a11a46e8,0x00000000a5300000)
 Metaspace       used 38241K, capacity 39884K, committed 40064K, reserved 1083392K
  class space    used 5359K, capacity 5700K, committed 5760K, reserved 1048576K
Event: 6.382 GC heap after
Heap after GC invocations=12 (full 2):
 PSYoungGen      total 163328K, used 7265K [0x00000000e0000000, 0x00000000eb480000, 0x0000000100000000)
  eden space 155648K, 0% used [0x00000000e0000000,0x00000000e0000000,0x00000000e9800000)
  from space 7680K, 94% used [0x00000000ead00000,0x00000000eb418660,0x00000000eb480000)
  to   space 11776K, 0% used [0x00000000e9d80000,0x00000000e9d80000,0x00000000ea900000)
 ParOldGen       total 84992K, used 18073K [0x00000000a0000000, 0x00000000a5300000, 0x00000000e0000000)
  object space 84992K, 21% used [0x00000000a0000000,0x00000000a11a66e8,0x00000000a5300000)
 Metaspace       used 38241K, capacity 39884K, committed 40064K, reserved 1083392K
  class space    used 5359K, capacity 5700K, committed 5760K, reserved 1048576K
}
Event: 7.732 GC heap before
{Heap before GC invocations=13 (full 2):
 PSYoungGen      total 163328K, used 162913K [0x00000000e0000000, 0x00000000eb480000, 0x0000000100000000)
  eden space 155648K, 100% used [0x00000000e0000000,0x00000000e9800000,0x00000000e9800000)
  from space 7680K, 94% used [0x00000000ead00000,0x00000000eb418660,0x00000000eb480000)
  to   space 11776K, 0% used [0x00000000e9d80000,0x00000000e9d80000,0x00000000ea900000)
 ParOldGen       total 84992K, used 18073K [0x00000000a0000000, 0x00000000a5300000, 0x00000000e0000000)
  object space 84992K, 21% used [0x00000000a0000000,0x00000000a11a66e8,0x00000000a5300000)
 Metaspace       used 51391K, capacity 53504K, committed 53632K, reserved 1095680K
  class space    used 7082K, capacity 7516K, committed 7552K, reserved 1048576K
Event: 7.749 GC heap after
Heap after GC invocations=13 (full 2):
 PSYoungGen      total 173056K, used 11748K [0x00000000e0000000, 0x00000000edc00000, 0x0000000100000000)
  eden space 161280K, 0% used [0x00000000e0000000,0x00000000e0000000,0x00000000e9d80000)
  from space 11776K, 99% used [0x00000000e9d80000,0x00000000ea8f9320,0x00000000ea900000)
  to   space 16896K, 0% used [0x00000000ecb80000,0x00000000ecb80000,0x00000000edc00000)
 ParOldGen       total 84992K, used 28258K [0x00000000a0000000, 0x00000000a5300000, 0x00000000e0000000)
  object space 84992K, 33% used [0x00000000a0000000,0x00000000a1b98be0,0x00000000a5300000)
 Metaspace       used 51391K, capacity 53504K, committed 53632K, reserved 1095680K
  class space    used 7082K, capacity 7516K, committed 7552K, reserved 1048576K
}
Event: 8.281 GC heap before
{Heap before GC invocations=14 (full 2):
 PSYoungGen      total 173056K, used 71416K [0x00000000e0000000, 0x00000000edc00000, 0x0000000100000000)
  eden space 161280K, 36% used [0x00000000e0000000,0x00000000e3a44d10,0x00000000e9d80000)
  from space 11776K, 99% used [0x00000000e9d80000,0x00000000ea8f9320,0x00000000ea900000)
  to   space 16896K, 0% used [0x00000000ecb80000,0x00000000ecb80000,0x00000000edc00000)
 ParOldGen       total 84992K, used 28258K [0x00000000a0000000, 0x00000000a5300000, 0x00000000e0000000)
  object space 84992K, 33% used [0x00000000a0000000,0x00000000a1b98be0,0x00000000a5300000)
 Metaspace       used 56768K, capacity 59030K, committed 59136K, reserved 1099776K
  class space    used 7982K, capacity 8431K, committed 8448K, reserved 1048576K
Event: 8.300 GC heap after
Heap after GC invocations=14 (full 2):
 PSYoungGen      total 206336K, used 16003K [0x00000000e0000000, 0x00000000eec80000, 0x0000000100000000)
  eden space 189440K, 0% used [0x00000000e0000000,0x00000000e0000000,0x00000000eb900000)
  from space 16896K, 94% used [0x00000000ecb80000,0x00000000edb20e90,0x00000000edc00000)
  to   space 18944K, 0% used [0x00000000eb900000,0x00000000eb900000,0x00000000ecb80000)
 ParOldGen       total 84992K, used 31764K [0x00000000a0000000, 0x00000000a5300000, 0x00000000e0000000)
  object space 84992K, 37% used [0x00000000a0000000,0x00000000a1f05360,0x00000000a5300000)
 Metaspace       used 56768K, capacity 59030K, committed 59136K, reserved 1099776K
  class space    used 7982K, capacity 8431K, committed 8448K, reserved 1048576K
}
Event: 8.300 GC heap before
{Heap before GC invocations=15 (full 3):
 PSYoungGen      total 206336K, used 16003K [0x00000000e0000000, 0x00000000eec80000, 0x0000000100000000)
  eden space 189440K, 0% used [0x00000000e0000000,0x00000000e0000000,0x00000000eb900000)
  from space 16896K, 94% used [0x00000000ecb80000,0x00000000edb20e90,0x00000000edc00000)
  to   space 18944K, 0% used [0x00000000eb900000,0x00000000eb900000,0x00000000ecb80000)
 ParOldGen       total 84992K, used 31764K [0x00000000a0000000, 0x00000000a5300000, 0x00000000e0000000)
  object space 84992K, 37% used [0x00000000a0000000,0x00000000a1f05360,0x00000000a5300000)
 Metaspace       used 56768K, capacity 59030K, committed 59136K, reserved 1099776K
  class space    used 7982K, capacity 8431K, committed 8448K, reserved 1048576K
Event: 8.486 GC heap after
Heap after GC invocations=15 (full 3):
 PSYoungGen      total 206336K, used 0K [0x00000000e0000000, 0x00000000eec80000, 0x0000000100000000)
  eden space 189440K, 0% used [0x00000000e0000000,0x00000000e0000000,0x00000000eb900000)
  from space 16896K, 0% used [0x00000000ecb80000,0x00000000ecb80000,0x00000000edc00000)
  to   space 18944K, 0% used [0x00000000eb900000,0x00000000eb900000,0x00000000ecb80000)
 ParOldGen       total 84992K, used 34073K [0x00000000a0000000, 0x00000000a5300000, 0x00000000e0000000)
  object space 84992K, 40% used [0x00000000a0000000,0x00000000a21465a8,0x00000000a5300000)
 Metaspace       used 56750K, capacity 58970K, committed 59136K, reserved 1099776K
  class space    used 7977K, capacity 8421K, committed 8448K, reserved 1048576K
}
Event: 10.214 GC heap before
{Heap before GC invocations=16 (full 3):
 PSYoungGen      total 206336K, used 189440K [0x00000000e0000000, 0x00000000eec80000, 0x0000000100000000)
  eden space 189440K, 100% used [0x00000000e0000000,0x00000000eb900000,0x00000000eb900000)
  from space 16896K, 0% used [0x00000000ecb80000,0x00000000ecb80000,0x00000000edc00000)
  to   space 18944K, 0% used [0x00000000eb900000,0x00000000eb900000,0x00000000ecb80000)
 ParOldGen       total 84992K, used 34073K [0x00000000a0000000, 0x00000000a5300000, 0x00000000e0000000)
  object space 84992K, 40% used [0x00000000a0000000,0x00000000a21465a8,0x00000000a5300000)
 Metaspace       used 66353K, capacity 69766K, committed 70016K, reserved 1110016K
  class space    used 9418K, capacity 10045K, committed 10112K, reserved 1048576K
Event: 10.228 GC heap after
Heap after GC invocations=16 (full 3):
 PSYoungGen      total 208384K, used 18818K [0x00000000e0000000, 0x00000000f0700000, 0x0000000100000000)
  eden space 189440K, 0% used [0x00000000e0000000,0x00000000e0000000,0x00000000eb900000)
  from space 18944K, 99% used [0x00000000eb900000,0x00000000ecb60ab8,0x00000000ecb80000)
  to   space 21504K, 0% used [0x00000000ef200000,0x00000000ef200000,0x00000000f0700000)
 ParOldGen       total 84992K, used 34145K [0x00000000a0000000, 0x00000000a5300000, 0x00000000e0000000)
  object space 84992K, 40% used [0x00000000a0000000,0x00000000a21585b8,0x00000000a5300000)
 Metaspace       used 66353K, capacity 69766K, committed 70016K, reserved 1110016K
  class space    used 9418K, capacity 10045K, committed 10112K, reserved 1048576K
}

Deoptimization events (10 events):
Event: 10.057 Thread 0x000002a1f4837000 Uncommon trap: reason=unstable_if action=reinterpret pc=0x000002a1dcf9434c method=java.util.concurrent.ConcurrentHashMap.addCount(JI)V @ 97
Event: 10.117 Thread 0x000002a1f4835000 Uncommon trap: reason=unstable_if action=reinterpret pc=0x000002a1dcd3e8b4 method=java.util.concurrent.locks.LockSupport.unpark(Ljava/lang/Thread;)V @ 1
Event: 10.205 Thread 0x000002a1f3d64800 Uncommon trap: reason=unstable_if action=reinterpret pc=0x000002a1dc7e6ff0 method=com.esotericsoftware.kryo.io.Input.readVarInt(Z)I @ 42
Event: 10.213 Thread 0x000002a1f3d64800 Uncommon trap: reason=unstable_if action=reinterpret pc=0x000002a1dd0e67ac method=com.esotericsoftware.kryo.io.Input.readVarInt(Z)I @ 42
Event: 10.230 Thread 0x000002a1ef725800 Uncommon trap: reason=unstable_if action=reinterpret pc=0x000002a1dc7325ec method=java.lang.ref.Finalizer.remove()V @ 10
Event: 10.237 Thread 0x000002a1f3d64800 Uncommon trap: reason=unstable_if action=reinterpret pc=0x000002a1dc2e8868 method=com.esotericsoftware.kryo.io.Output.writeString(Ljava/lang/CharSequence;)V @ 50
Event: 10.239 Thread 0x000002a1f3d64800 Uncommon trap: reason=unstable_if action=reinterpret pc=0x000002a1dcbecf6c method=java.io.BufferedOutputStream.write([BII)V @ 6
Event: 10.239 Thread 0x000002a1f3d64800 Uncommon trap: reason=unstable_if action=reinterpret pc=0x000002a1dc67a440 method=java.io.BufferedOutputStream.write([BII)V @ 6
Event: 10.267 Thread 0x000002a1f483c800 Uncommon trap: reason=unstable_if action=reinterpret pc=0x000002a1dc5d0814 method=java.util.concurrent.ConcurrentLinkedQueue.updateHead(Ljava/util/concurrent/ConcurrentLinkedQueue$Node;Ljava/util/concurrent/ConcurrentLinkedQueue$Node;)V @ 11
Event: 10.318 Thread 0x000002a1f7d87800 Uncommon trap: reason=unstable_if action=reinterpret pc=0x000002a1dcbd3898 method=org.gradle.internal.file.DefaultFileHierarchySet$Node.isChildOfOrThis(Ljava/lang/String;I)Z @ 72

Classes redefined (0 events):
No events

Internal exceptions (10 events):
Event: 10.012 Thread 0x000002a1f4836800 Exception <a 'java/lang/NoSuchMethodError': java.lang.Object.lambda$flatMap$3(Ljava/util/function/Function;)Lorg/gradle/internal/Try;> (0x00000000ea242420) thrown at [C:\jenkins\workspace\8-2-build-windows-x64-cygwin-sans-NAS\jdk8u381\237\hotspot\src\shar
Event: 10.066 Thread 0x000002a1f4843000 Exception <a 'java/lang/NoSuchMethodError': java.lang.Object.lambda$flatMap$2(Ljava/util/function/Function;Ljava/lang/Object;)Lorg/gradle/internal/Try;> (0x00000000ea18e768) thrown at [C:\jenkins\workspace\8-2-build-windows-x64-cygwin-sans-NAS\jdk8u381\23
Event: 10.066 Thread 0x000002a1f4835000 Exception <a 'java/lang/NoSuchMethodError': java.lang.Object.lambda$flatMap$2(Ljava/util/function/Function;Ljava/lang/Object;)Lorg/gradle/internal/Try;> (0x00000000ea44ac78) thrown at [C:\jenkins\workspace\8-2-build-windows-x64-cygwin-sans-NAS\jdk8u381\23
Event: 10.066 Thread 0x000002a1f483b800 Exception <a 'java/lang/NoSuchMethodError': java.lang.Object.lambda$flatMap$2(Ljava/util/function/Function;Ljava/lang/Object;)Lorg/gradle/internal/Try;> (0x00000000ea826d20) thrown at [C:\jenkins\workspace\8-2-build-windows-x64-cygwin-sans-NAS\jdk8u381\23
Event: 10.066 Thread 0x000002a1f4836800 Exception <a 'java/lang/NoSuchMethodError': java.lang.Object.lambda$flatMap$2(Ljava/util/function/Function;Ljava/lang/Object;)Lorg/gradle/internal/Try;> (0x00000000ea98f520) thrown at [C:\jenkins\workspace\8-2-build-windows-x64-cygwin-sans-NAS\jdk8u381\23
Event: 10.066 Thread 0x000002a1f483e000 Exception <a 'java/lang/NoSuchMethodError': java.lang.Object.lambda$flatMap$2(Ljava/util/function/Function;Ljava/lang/Object;)Lorg/gradle/internal/Try;> (0x00000000ea8c7dc8) thrown at [C:\jenkins\workspace\8-2-build-windows-x64-cygwin-sans-NAS\jdk8u381\23
Event: 10.066 Thread 0x000002a1f483c800 Exception <a 'java/lang/NoSuchMethodError': java.lang.Object.lambda$flatMap$2(Ljava/util/function/Function;Ljava/lang/Object;)Lorg/gradle/internal/Try;> (0x00000000ea8f5e58) thrown at [C:\jenkins\workspace\8-2-build-windows-x64-cygwin-sans-NAS\jdk8u381\23
Event: 10.066 Thread 0x000002a1f4835800 Exception <a 'java/lang/NoSuchMethodError': java.lang.Object.lambda$flatMap$2(Ljava/util/function/Function;Ljava/lang/Object;)Lorg/gradle/internal/Try;> (0x00000000ea9b9b80) thrown at [C:\jenkins\workspace\8-2-build-windows-x64-cygwin-sans-NAS\jdk8u381\23
Event: 10.066 Thread 0x000002a1f4837000 Exception <a 'java/lang/NoSuchMethodError': java.lang.Object.lambda$flatMap$2(Ljava/util/function/Function;Ljava/lang/Object;)Lorg/gradle/internal/Try;> (0x00000000ea966900) thrown at [C:\jenkins\workspace\8-2-build-windows-x64-cygwin-sans-NAS\jdk8u381\23
Event: 10.298 Thread 0x000002a1f7d85800 Exception <a 'java/lang/NoSuchMethodError': java.lang.Object.lambda$flatMap$0(Ljava/lang/Throwable;)Lorg/gradle/api/internal/artifacts/transform/CacheableInvocation;> (0x00000000e0c05f18) thrown at [C:\jenkins\workspace\8-2-build-windows-x64-cygwin-sans-N

Events (10 events):
Event: 10.338 loading class org/gradle/internal/fingerprint/impl/RelativePathFingerprintingStrategy$1
Event: 10.338 loading class org/gradle/internal/fingerprint/impl/RelativePathFingerprintingStrategy$1 done
Event: 10.339 Thread 0x000002a1ef7b8000 flushing nmethod 0x000002a1dcee8ad0
Event: 10.340 Thread 0x000002a1ef7b1800 flushing nmethod 0x000002a1dd0e6d10
Event: 10.343 Executing VM operation: RevokeBias
Event: 10.343 Executing VM operation: RevokeBias done
Event: 10.343 Executing VM operation: RevokeBias
Event: 10.343 Executing VM operation: RevokeBias done
Event: 10.344 Thread 0x000002a1f483e000 DEOPT PACKING pc=0x000002a1dcbda88b sp=0x000000ba424fc240
Event: 10.344 Thread 0x000002a1f483e000 DEOPT UNPACKING pc=0x000002a1dc127918 sp=0x000000ba424fbf68 mode 0


Dynamic libraries:
0x00007ff7cf420000 - 0x00007ff7cf46a000 	E:\Java\bin\java.exe
0x00007ffe90070000 - 0x00007ffe90287000 	C:\Windows\SYSTEM32\ntdll.dll
0x00007ffe8f4d0000 - 0x00007ffe8f594000 	C:\Windows\System32\KERNEL32.DLL
0x00007ffe8d480000 - 0x00007ffe8d826000 	C:\Windows\System32\KERNELBASE.dll
0x00007ffe8eb60000 - 0x00007ffe8ec11000 	C:\Windows\System32\ADVAPI32.dll
0x00007ffe8ff80000 - 0x00007ffe90027000 	C:\Windows\System32\msvcrt.dll
0x00007ffe8ddd0000 - 0x00007ffe8de75000 	C:\Windows\System32\sechost.dll
0x00007ffe8edf0000 - 0x00007ffe8ef07000 	C:\Windows\System32\RPCRT4.dll
0x00007ffe8ef10000 - 0x00007ffe8f0be000 	C:\Windows\System32\USER32.dll
0x00007ffe8dc00000 - 0x00007ffe8dc26000 	C:\Windows\System32\win32u.dll
0x00007ffe8fee0000 - 0x00007ffe8ff09000 	C:\Windows\System32\GDI32.dll
0x00007ffe8dca0000 - 0x00007ffe8ddb8000 	C:\Windows\System32\gdi32full.dll
0x00007ffe8d3e0000 - 0x00007ffe8d47a000 	C:\Windows\System32\msvcp_win.dll
0x00007ffe8d970000 - 0x00007ffe8da81000 	C:\Windows\System32\ucrtbase.dll
0x00007ffe757d0000 - 0x00007ffe75a63000 	C:\Windows\WinSxS\amd64_microsoft.windows.common-controls_6595b64144ccf1df_6.0.22621.2506_none_270c5ae97388e100\COMCTL32.dll
0x00007ffe8f5b0000 - 0x00007ffe8f5e1000 	C:\Windows\System32\IMM32.DLL
0x00007ffe59ef0000 - 0x00007ffe59f0b000 	E:\Java\jre\bin\vcruntime140.dll
0x00007ffe7a160000 - 0x00007ffe7a16c000 	E:\Java\jre\bin\vcruntime140_1.dll
0x00007ffe4b380000 - 0x00007ffe4b40e000 	E:\Java\jre\bin\msvcp140.dll
0x00007ffe43ba0000 - 0x00007ffe44450000 	E:\Java\jre\bin\server\jvm.dll
0x00007ffe8f5a0000 - 0x00007ffe8f5a8000 	C:\Windows\System32\PSAPI.DLL
0x00007ffe87e70000 - 0x00007ffe87e79000 	C:\Windows\SYSTEM32\WSOCK32.dll
0x00007ffe869f0000 - 0x00007ffe86a24000 	C:\Windows\SYSTEM32\WINMM.dll
0x00007ffe8ec40000 - 0x00007ffe8ecb1000 	C:\Windows\System32\WS2_32.dll
0x00007ffe86d90000 - 0x00007ffe86d9a000 	C:\Windows\SYSTEM32\VERSION.dll
0x00007ffe8c4d0000 - 0x00007ffe8c4e8000 	C:\Windows\SYSTEM32\kernel.appcore.dll
0x00007ffe79e70000 - 0x00007ffe79e80000 	E:\Java\jre\bin\verify.dll
0x00007ffe4d810000 - 0x00007ffe4d83b000 	E:\Java\jre\bin\java.dll
0x00007ffe59980000 - 0x00007ffe59998000 	E:\Java\jre\bin\zip.dll
0x00007ffe8f680000 - 0x00007ffe8feda000 	C:\Windows\System32\SHELL32.dll
0x00007ffe8b300000 - 0x00007ffe8bbf6000 	C:\Windows\SYSTEM32\windows.storage.dll
0x00007ffe8f140000 - 0x00007ffe8f4c9000 	C:\Windows\System32\combase.dll
0x00007ffe8b1c0000 - 0x00007ffe8b2fe000 	C:\Windows\SYSTEM32\wintypes.dll
0x00007ffe8e520000 - 0x00007ffe8e613000 	C:\Windows\System32\SHCORE.dll
0x00007ffe8eb00000 - 0x00007ffe8eb5e000 	C:\Windows\System32\shlwapi.dll
0x00007ffe8d310000 - 0x00007ffe8d336000 	C:\Windows\SYSTEM32\profapi.dll
0x00007ffe59840000 - 0x00007ffe5985c000 	E:\Java\jre\bin\net.dll
0x00007ffe8c950000 - 0x00007ffe8c9b9000 	C:\Windows\system32\mswsock.dll
0x00007ffe58f80000 - 0x00007ffe58f93000 	E:\Java\jre\bin\nio.dll
0x00007ffe59bd0000 - 0x00007ffe59bf7000 	C:\Users\50163\.gradle\native\fdc75f09e3144964f2cf3f50f0aa648679c211496f362492102eb8c894070792\windows-amd64\native-platform.dll
0x00007ffe39740000 - 0x00007ffe398d6000 	C:\Users\50163\.gradle\native\12488b8bf47d2d4c9fbf2f6322a914ad602e24e48041cd04a747c6da556b65c4\windows-amd64\native-platform-file-events.dll
0x00007ffe79d30000 - 0x00007ffe79d3d000 	E:\Java\jre\bin\management.dll
0x00007ffe8cbb0000 - 0x00007ffe8cbcb000 	C:\Windows\SYSTEM32\CRYPTSP.dll
0x00007ffe8c430000 - 0x00007ffe8c465000 	C:\Windows\system32\rsaenh.dll
0x00007ffe8ca40000 - 0x00007ffe8ca6c000 	C:\Windows\SYSTEM32\USERENV.dll
0x00007ffe8cd90000 - 0x00007ffe8cdb8000 	C:\Windows\SYSTEM32\bcrypt.dll
0x00007ffe8d830000 - 0x00007ffe8d8aa000 	C:\Windows\System32\bcryptprimitives.dll
0x00007ffe8cba0000 - 0x00007ffe8cbac000 	C:\Windows\SYSTEM32\CRYPTBASE.dll
0x00007ffe8bee0000 - 0x00007ffe8bf0d000 	C:\Windows\SYSTEM32\IPHLPAPI.DLL
0x00007ffe8e6d0000 - 0x00007ffe8e6d9000 	C:\Windows\System32\NSI.dll
0x00007ffe869d0000 - 0x00007ffe869e9000 	C:\Windows\SYSTEM32\dhcpcsvc6.DLL
0x00007ffe86870000 - 0x00007ffe8688f000 	C:\Windows\SYSTEM32\dhcpcsvc.DLL
0x00007ffe8bf50000 - 0x00007ffe8c049000 	C:\Windows\SYSTEM32\DNSAPI.dll
0x00007ffe8a4f0000 - 0x00007ffe8a4fd000 	C:\Windows\SYSTEM32\WINNSI.DLL
0x00007ffe8ad30000 - 0x00007ffe8af63000 	C:\Windows\SYSTEM32\dbghelp.dll
0x00007ffe8ed10000 - 0x00007ffe8ede7000 	C:\Windows\System32\OLEAUT32.dll

VM Arguments:
jvm_args: -Xmx1536m -Dfile.encoding=GBK -Duser.country=US -Duser.language=en -Duser.variant 
java_command: org.gradle.launcher.daemon.bootstrap.GradleDaemon 6.7.1
java_class_path (initial): C:\Users\50163\.gradle\wrapper\dists\gradle-6.7.1-all\2moa8rlfac5eqlcfgk98k0deb\gradle-6.7.1\lib\gradle-launcher-6.7.1.jar
Launcher Type: SUN_STANDARD

Environment Variables:
JAVA_HOME=E:\Java
JRE_HOME=E:\Java\JAVA_jre
CLASSPATH=.;E:\Javalibdt.jar;E:\Javalib\tools.jar
PATH=E:\Tool\apache-maven-3.9.5\bin;E:\Java\bin;C:\Program Files (x86)\Common Files\Oracle\Java\javapath;D:\Professional software\PYTHON\Scripts\;D:\Professional software\PYTHON\;D:\Professional software\VMware\install\bin\;C:\Program Files (x86)\Common Files\Intel\Shared Libraries\redist\intel64\compiler;C:\Windows\system32;C:\Windows;C:\Windows\System32\Wbem;C:\Windows\System32\WindowsPowerShell\v1.0\;D:\应用软件\BANDIZIP\install\Bandizip\;C:\;rogram Files\Common Files\Autodesk Shared\;C:\Program Files\Microsoft SQL Server\120\Tools\Binn\;C:\Program Files (x86)\dotnet\;D:\Professional software\Mysql\install\bin;E:\Java\JAVA_jre;D:\应用软件\腾讯软件\QQ\file_guanli\apache-tomcat-8.5.83\bin;E:\Java\bin;D:\Professional software\Mysql\install\mysql-8.0.21-winx64\bin;C:\Program Files (x86)\STMicroelectronics\STM32 ST-LINK Utility\ST-LINK Utility;E:\Tool\Git\Git\cmd;E:\Tool\Git\Git_CLI\;E:\Tool\OS\Putty\;E:\Tool\SQLyog\SQLyog Community;C:\Users\50163\AppData\Local\Microsoft\WindowsApps;D:\Professional software\programming\PyCharm\PyCharm Community Edition 2022.2.2\bin;;D:\应用软件\腾讯软件\QQ\install\Bin;
USERNAME=50163
OS=Windows_NT
PROCESSOR_IDENTIFIER=Intel64 Family 6 Model 165 Stepping 2, GenuineIntel



---------------  S Y S T E M  ---------------

OS: Windows 11 , 64 bit Build 22621 (10.0.22621.2506)

CPU:total 8 (initial active 8) (4 cores per cpu, 2 threads per core) family 6 model 165 stepping 2, cmov, cx8, fxsr, mmx, sse, sse2, sse3, ssse3, sse4.1, sse4.2, popcnt, avx, avx2, aes, clmul, erms, 3dnowpref, lzcnt, ht, tsc, tscinvbit, bmi1, bmi2, adx

Memory: 4k page, physical 8218008k(412820k free), swap 21983936k(200k free)

vm_info: Java HotSpot(TM) 64-Bit Server VM (25.381-b09) for windows-amd64 JRE (1.8.0_381-b09), built on Jun 14 2023 13:50:38 by "java_re" with MS VC++ 17.1 (VS2022)

time: Mon Dec 18 11:18:33 2023
timezone: Intel64 Family 6 Model 165 Stepping 2, GenuineIntel
elapsed time: 10.394813 seconds (0d 0h 0m 10s)

