#
# There is insufficient memory for the Java Runtime Environment to continue.
# Native memory allocation (malloc) failed to allocate 1177296 bytes for Chunk::new
# Possible reasons:
#   The system is out of physical RAM or swap space
#   The process is running with CompressedOops enabled, and the Java Heap may be blocking the growth of the native heap
# Possible solutions:
#   Reduce memory load on the system
#   Increase physical memory or swap space
#   Check if swap backing store is full
#   Decrease Java heap size (-Xmx/-Xms)
#   Decrease number of Java threads
#   Decrease Java thread stack sizes (-Xss)
#   Set larger code cache with -XX:ReservedCodeCacheSize=
#   JVM is running with Unscaled Compressed Oops mode in which the Java heap is
#     placed in the first 4GB address space. The Java Heap base address is the
#     maximum limit for the native heap growth. Please use -XX:HeapBaseMinAddress
#     to set the Java Heap base and to place the Java Heap above 4GB virtual address.
# This output file may be truncated or incomplete.
#
#  Out of Memory Error (allocation.cpp:389), pid=16084, tid=0x0000000000005124
#
# JRE version: Java(TM) SE Runtime Environment (8.0_381) (build 1.8.0_381-b09)
# Java VM: Java HotSpot(TM) 64-Bit Server VM (25.381-b09 mixed mode windows-amd64 compressed oops)
# Failed to write core dump. Minidumps are not enabled by default on client versions of Windows
#

---------------  T H R E A D  ---------------

Current thread (0x0000021a293d2000):  JavaThread "C2 CompilerThread2" daemon [_thread_in_native, id=20772, stack(0x00000028b1900000,0x00000028b1a00000)]

Stack: [0x00000028b1900000,0x00000028b1a00000]
Native frames: (J=compiled Java code, j=interpreted, Vv=VM code, C=native code)
V  [jvm.dll+0x353039]


Current CompileTask:
C2:   7663 2977       4       java.net.URLClassLoader$1::run (5 bytes)


---------------  P R O C E S S  ---------------

Java Threads: ( => current thread )
  0x0000021a2b87c800 JavaThread "Cache worker for Build Output Cleanup Cache (E:\Android_studio_project\Christmas_gift\.gradle\buildOutputCleanup)" [_thread_blocked, id=2708, stack(0x00000028b3300000,0x00000028b3400000)]
  0x0000021a2b878800 JavaThread "Cache worker for file content cache (C:\Users\50163\.gradle\caches\6.7.1\fileContent)" [_thread_blocked, id=11544, stack(0x00000028b3200000,0x00000028b3300000)]
  0x0000021a2d347800 JavaThread "jar transforms" [_thread_blocked, id=23244, stack(0x00000028b3100000,0x00000028b3200000)]
  0x0000021a2d346000 JavaThread "Cache worker for execution history cache (C:\Users\50163\.gradle\caches\6.7.1\executionHistory)" [_thread_blocked, id=7284, stack(0x00000028b3000000,0x00000028b3100000)]
  0x0000021a2d345000 JavaThread "Cache worker for cache directory md-rule (C:\Users\50163\.gradle\caches\6.7.1\md-rule)" [_thread_blocked, id=37108, stack(0x00000028b2f00000,0x00000028b3000000)]
  0x0000021a2d344800 JavaThread "Cache worker for cache directory md-supplier (C:\Users\50163\.gradle\caches\6.7.1\md-supplier)" [_thread_blocked, id=25164, stack(0x00000028b2e00000,0x00000028b2f00000)]
  0x0000021a2d343800 JavaThread "Cache worker for checksums cache (E:\Android_studio_project\Christmas_gift\.gradle\checksums)" [_thread_blocked, id=11604, stack(0x00000028b2d00000,0x00000028b2e00000)]
  0x0000021a2d343000 JavaThread "Cache worker for file hash cache (E:\Android_studio_project\Christmas_gift\.gradle\6.7.1\fileHashes)" [_thread_blocked, id=12324, stack(0x00000028b2c00000,0x00000028b2d00000)]
  0x0000021a2d349000 JavaThread "Cache worker for journal cache (C:\Users\50163\.gradle\caches\journal-1)" [_thread_blocked, id=8452, stack(0x00000028b2b00000,0x00000028b2c00000)]
  0x0000021a2d348000 JavaThread "File lock request listener" [_thread_in_native, id=8356, stack(0x00000028b2a00000,0x00000028b2b00000)]
  0x0000021a2d342000 JavaThread "Cache worker for file hash cache (C:\Users\50163\.gradle\caches\6.7.1\fileHashes)" [_thread_blocked, id=6412, stack(0x00000028b2900000,0x00000028b2a00000)]
  0x0000021a2d073000 JavaThread "Thread-9" [_thread_blocked, id=7052, stack(0x00000028b2800000,0x00000028b2900000)]
  0x0000021a2bfbe000 JavaThread "Stdin handler" [_thread_blocked, id=13616, stack(0x00000028b2700000,0x00000028b2800000)]
  0x0000021a2bfbc800 JavaThread "Asynchronous log dispatcher for DefaultDaemonConnection: socket connection from /127.0.0.1:9709 to /127.0.0.1:9710" [_thread_blocked, id=3532, stack(0x00000028b2600000,0x00000028b2700000)]
  0x0000021a2d02d000 JavaThread "Daemon worker" [_thread_in_native, id=12748, stack(0x00000028b2500000,0x00000028b2600000)]
  0x0000021a2d01a000 JavaThread "Cancel handler" [_thread_blocked, id=9824, stack(0x00000028b2400000,0x00000028b2500000)]
  0x0000021a2cffa000 JavaThread "Handler for socket connection from /127.0.0.1:9709 to /127.0.0.1:9710" [_thread_in_native, id=30468, stack(0x00000028b2300000,0x00000028b2400000)]
  0x0000021a2ccf2800 JavaThread "Daemon" [_thread_blocked, id=23648, stack(0x00000028b2200000,0x00000028b2300000)]
  0x0000021a2cce5800 JavaThread "Daemon periodic checks" [_thread_blocked, id=12104, stack(0x00000028b2100000,0x00000028b2200000)]
  0x0000021a2d003800 JavaThread "Incoming local TCP Connector on port 9709" [_thread_in_native, id=36616, stack(0x00000028b2000000,0x00000028b2100000)]
  0x0000021a2cd75000 JavaThread "Daemon health stats" [_thread_blocked, id=20536, stack(0x00000028b1d00000,0x00000028b1e00000)]
  0x0000021a293ee800 JavaThread "Service Thread" daemon [_thread_blocked, id=472, stack(0x00000028b1b00000,0x00000028b1c00000)]
  0x0000021a293d6000 JavaThread "C1 CompilerThread3" daemon [_thread_blocked, id=23424, stack(0x00000028b1a00000,0x00000028b1b00000)]
=>0x0000021a293d2000 JavaThread "C2 CompilerThread2" daemon [_thread_in_native, id=20772, stack(0x00000028b1900000,0x00000028b1a00000)]
  0x0000021a293d1800 JavaThread "C2 CompilerThread1" daemon [_thread_blocked, id=34720, stack(0x00000028b1800000,0x00000028b1900000)]
  0x0000021a29379800 JavaThread "C2 CompilerThread0" daemon [_thread_blocked, id=8104, stack(0x00000028b1700000,0x00000028b1800000)]
  0x0000021a29379000 JavaThread "Attach Listener" daemon [_thread_blocked, id=7432, stack(0x00000028b1600000,0x00000028b1700000)]
  0x0000021a29361000 JavaThread "Signal Dispatcher" daemon [_thread_blocked, id=34480, stack(0x00000028b1500000,0x00000028b1600000)]
  0x0000021a29345800 JavaThread "Finalizer" daemon [_thread_blocked, id=34304, stack(0x00000028b1400000,0x00000028b1500000)]
  0x0000021a2933e800 JavaThread "Reference Handler" daemon [_thread_blocked, id=34432, stack(0x00000028b1300000,0x00000028b1400000)]
  0x0000021a1431c000 JavaThread "main" [_thread_blocked, id=15512, stack(0x00000028b0900000,0x00000028b0a00000)]

Other Threads:
  0x0000021a29315800 VMThread [stack: 0x00000028b1200000,0x00000028b1300000] [id=34564]
  0x0000021a293dd800 WatcherThread [stack: 0x00000028b1c00000,0x00000028b1d00000] [id=19372]

VM state:not at safepoint (normal execution)

VM Mutex/Monitor currently owned by a thread: None

heap address: 0x00000000a0000000, size: 1536 MB, Compressed Oops mode: 32-bit
Narrow klass base: 0x0000000000000000, Narrow klass shift: 3
Compressed class space size: 1073741824 Address: 0x0000000100000000

Heap:
 PSYoungGen      total 137728K, used 55489K [0x00000000e0000000, 0x00000000eb500000, 0x0000000100000000)
  eden space 126976K, 43% used [0x00000000e0000000,0x00000000e3630650,0x00000000e7c00000)
  from space 10752K, 0% used [0x00000000e7c00000,0x00000000e7c00000,0x00000000e8680000)
  to   space 12288K, 0% used [0x00000000ea900000,0x00000000ea900000,0x00000000eb500000)
 ParOldGen       total 85504K, used 18031K [0x00000000a0000000, 0x00000000a5380000, 0x00000000e0000000)
  object space 85504K, 21% used [0x00000000a0000000,0x00000000a119be80,0x00000000a5380000)
 Metaspace       used 37013K, capacity 38360K, committed 38656K, reserved 1083392K
  class space    used 5215K, capacity 5518K, committed 5632K, reserved 1048576K

Card table byte_map: [0x0000021a250e0000,0x0000021a253f0000] byte_map_base: 0x0000021a24be0000

Marking Bits: (ParMarkBitMap*) 0x00007ffe4f5e6040
 Begin Bits: [0x0000021a255f0000, 0x0000021a26df0000)
 End Bits:   [0x0000021a26df0000, 0x0000021a285f0000)

Polling page: 0x0000021a144c0000

CodeCache: size=245760Kb used=10687Kb max_used=11234Kb free=235072Kb
 bounds [0x0000021a15d20000, 0x0000021a16830000, 0x0000021a24d20000]
 total_blobs=3498 nmethods=2792 adapters=618
 compilation: enabled

Compilation events (10 events):
Event: 7.622 Thread 0x0000021a293d6000 nmethod 2991 0x0000021a16006a90 code [0x0000021a16006be0, 0x0000021a16006d38]
Event: 7.623 Thread 0x0000021a29379800 nmethod 2990 0x0000021a15fea2d0 code [0x0000021a15fea420, 0x0000021a15fea5b8]
Event: 7.632 Thread 0x0000021a293d6000 2992       1       org.gradle.api.attributes.Attribute::getName (5 bytes)
Event: 7.633 Thread 0x0000021a293d6000 nmethod 2992 0x0000021a16008290 code [0x0000021a160083e0, 0x0000021a160084f8]
Event: 7.634 Thread 0x0000021a293d6000 2993       1       org.gradle.api.internal.attributes.DefaultImmutableAttributes::hashCode (5 bytes)
Event: 7.634 Thread 0x0000021a293d6000 nmethod 2993 0x0000021a16140190 code [0x0000021a161402e0, 0x0000021a161403f8]
Event: 7.634 Thread 0x0000021a293d6000 2994       3       com.google.common.collect.ImmutableList::<init> (5 bytes)
Event: 7.634 Thread 0x0000021a293d6000 nmethod 2994 0x0000021a15eb3d10 code [0x0000021a15eb3e80, 0x0000021a15eb40f8]
Event: 7.642 Thread 0x0000021a293d6000 2996       3       com.google.common.collect.ImmutableList::of (4 bytes)
Event: 7.642 Thread 0x0000021a293d6000 nmethod 2996 0x0000021a15ebf910 code [0x0000021a15ebfa60, 0x0000021a15ebfb98]

GC Heap History (10 events):
Event: 4.099 GC heap before
{Heap before GC invocations=7 (full 0):
 PSYoungGen      total 75264K, used 21117K [0x00000000e0000000, 0x00000000e5500000, 0x0000000100000000)
  eden space 65024K, 19% used [0x00000000e0000000,0x00000000e0c45f40,0x00000000e3f80000)
  from space 10240K, 83% used [0x00000000e4a00000,0x00000000e5259530,0x00000000e5400000)
  to   space 10752K, 0% used [0x00000000e3f80000,0x00000000e3f80000,0x00000000e4a00000)
 ParOldGen       total 86016K, used 7332K [0x00000000a0000000, 0x00000000a5400000, 0x00000000e0000000)
  object space 86016K, 8% used [0x00000000a0000000,0x00000000a07293d8,0x00000000a5400000)
 Metaspace       used 20621K, capacity 21270K, committed 21296K, reserved 1067008K
  class space    used 3016K, capacity 3191K, committed 3200K, reserved 1048576K
Event: 4.106 GC heap after
Heap after GC invocations=7 (full 0):
 PSYoungGen      total 75776K, used 4849K [0x00000000e0000000, 0x00000000e9400000, 0x0000000100000000)
  eden space 65024K, 0% used [0x00000000e0000000,0x00000000e0000000,0x00000000e3f80000)
  from space 10752K, 45% used [0x00000000e3f80000,0x00000000e443c600,0x00000000e4a00000)
  to   space 10752K, 0% used [0x00000000e8980000,0x00000000e8980000,0x00000000e9400000)
 ParOldGen       total 86016K, used 9837K [0x00000000a0000000, 0x00000000a5400000, 0x00000000e0000000)
  object space 86016K, 11% used [0x00000000a0000000,0x00000000a099b458,0x00000000a5400000)
 Metaspace       used 20621K, capacity 21270K, committed 21296K, reserved 1067008K
  class space    used 3016K, capacity 3191K, committed 3200K, reserved 1048576K
}
Event: 4.106 GC heap before
{Heap before GC invocations=8 (full 1):
 PSYoungGen      total 75776K, used 4849K [0x00000000e0000000, 0x00000000e9400000, 0x0000000100000000)
  eden space 65024K, 0% used [0x00000000e0000000,0x00000000e0000000,0x00000000e3f80000)
  from space 10752K, 45% used [0x00000000e3f80000,0x00000000e443c600,0x00000000e4a00000)
  to   space 10752K, 0% used [0x00000000e8980000,0x00000000e8980000,0x00000000e9400000)
 ParOldGen       total 86016K, used 9837K [0x00000000a0000000, 0x00000000a5400000, 0x00000000e0000000)
  object space 86016K, 11% used [0x00000000a0000000,0x00000000a099b458,0x00000000a5400000)
 Metaspace       used 20621K, capacity 21270K, committed 21296K, reserved 1067008K
  class space    used 3016K, capacity 3191K, committed 3200K, reserved 1048576K
Event: 4.142 GC heap after
Heap after GC invocations=8 (full 1):
 PSYoungGen      total 75776K, used 0K [0x00000000e0000000, 0x00000000e9400000, 0x0000000100000000)
  eden space 65024K, 0% used [0x00000000e0000000,0x00000000e0000000,0x00000000e3f80000)
  from space 10752K, 0% used [0x00000000e3f80000,0x00000000e3f80000,0x00000000e4a00000)
  to   space 10752K, 0% used [0x00000000e8980000,0x00000000e8980000,0x00000000e9400000)
 ParOldGen       total 53248K, used 8105K [0x00000000a0000000, 0x00000000a3400000, 0x00000000e0000000)
  object space 53248K, 15% used [0x00000000a0000000,0x00000000a07ea410,0x00000000a3400000)
 Metaspace       used 20621K, capacity 21270K, committed 21296K, reserved 1067008K
  class space    used 3016K, capacity 3191K, committed 3200K, reserved 1048576K
}
Event: 4.807 GC heap before
{Heap before GC invocations=9 (full 1):
 PSYoungGen      total 75776K, used 65024K [0x00000000e0000000, 0x00000000e9400000, 0x0000000100000000)
  eden space 65024K, 100% used [0x00000000e0000000,0x00000000e3f80000,0x00000000e3f80000)
  from space 10752K, 0% used [0x00000000e3f80000,0x00000000e3f80000,0x00000000e4a00000)
  to   space 10752K, 0% used [0x00000000e8980000,0x00000000e8980000,0x00000000e9400000)
 ParOldGen       total 53248K, used 8105K [0x00000000a0000000, 0x00000000a3400000, 0x00000000e0000000)
  object space 53248K, 15% used [0x00000000a0000000,0x00000000a07ea410,0x00000000a3400000)
 Metaspace       used 26480K, capacity 27338K, committed 27520K, reserved 1073152K
  class space    used 3872K, capacity 4114K, committed 4224K, reserved 1048576K
Event: 4.812 GC heap after
Heap after GC invocations=9 (full 1):
 PSYoungGen      total 120320K, used 7213K [0x00000000e0000000, 0x00000000e9100000, 0x0000000100000000)
  eden space 112640K, 0% used [0x00000000e0000000,0x00000000e0000000,0x00000000e6e00000)
  from space 7680K, 93% used [0x00000000e8980000,0x00000000e908b7b0,0x00000000e9100000)
  to   space 10752K, 0% used [0x00000000e7c00000,0x00000000e7c00000,0x00000000e8680000)
 ParOldGen       total 53248K, used 8113K [0x00000000a0000000, 0x00000000a3400000, 0x00000000e0000000)
  object space 53248K, 15% used [0x00000000a0000000,0x00000000a07ec410,0x00000000a3400000)
 Metaspace       used 26480K, capacity 27338K, committed 27520K, reserved 1073152K
  class space    used 3872K, capacity 4114K, committed 4224K, reserved 1048576K
}
Event: 6.586 GC heap before
{Heap before GC invocations=10 (full 1):
 PSYoungGen      total 120320K, used 96617K [0x00000000e0000000, 0x00000000e9100000, 0x0000000100000000)
  eden space 112640K, 79% used [0x00000000e0000000,0x00000000e574ee68,0x00000000e6e00000)
  from space 7680K, 93% used [0x00000000e8980000,0x00000000e908b7b0,0x00000000e9100000)
  to   space 10752K, 0% used [0x00000000e7c00000,0x00000000e7c00000,0x00000000e8680000)
 ParOldGen       total 53248K, used 8113K [0x00000000a0000000, 0x00000000a3400000, 0x00000000e0000000)
  object space 53248K, 15% used [0x00000000a0000000,0x00000000a07ec410,0x00000000a3400000)
 Metaspace       used 34245K, capacity 35362K, committed 35496K, reserved 1079296K
  class space    used 4781K, capacity 5041K, committed 5120K, reserved 1048576K
Event: 6.613 GC heap after
Heap after GC invocations=10 (full 1):
 PSYoungGen      total 137728K, used 10732K [0x00000000e0000000, 0x00000000eb500000, 0x0000000100000000)
  eden space 126976K, 0% used [0x00000000e0000000,0x00000000e0000000,0x00000000e7c00000)
  from space 10752K, 99% used [0x00000000e7c00000,0x00000000e867b160,0x00000000e8680000)
  to   space 12288K, 0% used [0x00000000ea900000,0x00000000ea900000,0x00000000eb500000)
 ParOldGen       total 53248K, used 8468K [0x00000000a0000000, 0x00000000a3400000, 0x00000000e0000000)
  object space 53248K, 15% used [0x00000000a0000000,0x00000000a0845118,0x00000000a3400000)
 Metaspace       used 34245K, capacity 35362K, committed 35496K, reserved 1079296K
  class space    used 4781K, capacity 5041K, committed 5120K, reserved 1048576K
}
Event: 6.613 GC heap before
{Heap before GC invocations=11 (full 2):
 PSYoungGen      total 137728K, used 10732K [0x00000000e0000000, 0x00000000eb500000, 0x0000000100000000)
  eden space 126976K, 0% used [0x00000000e0000000,0x00000000e0000000,0x00000000e7c00000)
  from space 10752K, 99% used [0x00000000e7c00000,0x00000000e867b160,0x00000000e8680000)
  to   space 12288K, 0% used [0x00000000ea900000,0x00000000ea900000,0x00000000eb500000)
 ParOldGen       total 53248K, used 8468K [0x00000000a0000000, 0x00000000a3400000, 0x00000000e0000000)
  object space 53248K, 15% used [0x00000000a0000000,0x00000000a0845118,0x00000000a3400000)
 Metaspace       used 34245K, capacity 35362K, committed 35496K, reserved 1079296K
  class space    used 4781K, capacity 5041K, committed 5120K, reserved 1048576K
Event: 6.722 GC heap after
Heap after GC invocations=11 (full 2):
 PSYoungGen      total 137728K, used 0K [0x00000000e0000000, 0x00000000eb500000, 0x0000000100000000)
  eden space 126976K, 0% used [0x00000000e0000000,0x00000000e0000000,0x00000000e7c00000)
  from space 10752K, 0% used [0x00000000e7c00000,0x00000000e7c00000,0x00000000e8680000)
  to   space 12288K, 0% used [0x00000000ea900000,0x00000000ea900000,0x00000000eb500000)
 ParOldGen       total 85504K, used 18031K [0x00000000a0000000, 0x00000000a5380000, 0x00000000e0000000)
  object space 85504K, 21% used [0x00000000a0000000,0x00000000a119be80,0x00000000a5380000)
 Metaspace       used 34245K, capacity 35362K, committed 35496K, reserved 1079296K
  class space    used 4781K, capacity 5041K, committed 5120K, reserved 1048576K
}

Deoptimization events (10 events):
Event: 5.783 Thread 0x0000021a2d02d000 Uncommon trap: reason=unstable_if action=reinterpret pc=0x0000021a166fc9e4 method=java.util.HashMap.getNode(ILjava/lang/Object;)Ljava/util/HashMap$Node; @ 53
Event: 5.783 Thread 0x0000021a2d02d000 Uncommon trap: reason=unstable_if action=reinterpret pc=0x0000021a162f1fb0 method=java.util.HashMap.hash(Ljava/lang/Object;)I @ 1
Event: 5.791 Thread 0x0000021a2d02d000 Uncommon trap: reason=unstable_if action=reinterpret pc=0x0000021a166b7384 method=org.gradle.internal.reflect.PropertyAccessorType.isGetGetterName(Ljava/lang/String;)Z @ 14
Event: 6.004 Thread 0x0000021a2d02d000 Uncommon trap: reason=unstable_if action=reinterpret pc=0x0000021a1648a088 method=org.objectweb.asm.ByteVector.putShort(I)Lorg/objectweb/asm/ByteVector; @ 13
Event: 6.359 Thread 0x0000021a2d02d000 Uncommon trap: reason=unstable_if action=reinterpret pc=0x0000021a166bf6c8 method=org.codehaus.groovy.runtime.metaclass.MetaMethodIndex.addMethodToList(Ljava/lang/Object;Lgroovy/lang/MetaMethod;)Ljava/lang/Object; @ 226
Event: 6.523 Thread 0x0000021a2d02d000 Uncommon trap: reason=range_check action=make_not_entrant pc=0x0000021a1673df2c method=java.lang.String.charAt(I)C @ 27
Event: 6.847 Thread 0x0000021a2d02d000 Uncommon trap: reason=unstable_if action=reinterpret pc=0x0000021a16218678 method=java.util.WeakHashMap.expungeStaleEntries()V @ 66
Event: 6.912 Thread 0x0000021a2d02d000 Uncommon trap: reason=unstable_if action=reinterpret pc=0x0000021a15f0253c method=java.net.URI.match(CJJ)Z @ 45
Event: 6.912 Thread 0x0000021a2d02d000 Uncommon trap: reason=unstable_if action=reinterpret pc=0x0000021a15fc5870 method=java.net.URI$Parser.scan(IIJJ)I @ 25
Event: 7.605 Thread 0x0000021a2d02d000 Uncommon trap: reason=unstable_if action=reinterpret pc=0x0000021a1607ed90 method=java.util.regex.Pattern.has(I)Z @ 6

Classes redefined (0 events):
No events

Internal exceptions (10 events):
Event: 6.454 Thread 0x0000021a2d02d000 Exception <a 'java/lang/ClassNotFoundException': org/gradle/api/internal/artifacts/dsl/DefaultRepositoryHandler_DecoratedCustomizer> (0x00000000e4e3a1b8) thrown at [C:\jenkins\workspace\8-2-build-windows-x64-cygwin-sans-NAS\jdk8u381\237\hotspot\src\share\
Event: 6.845 Thread 0x0000021a2d02d000 Exception <a 'java/lang/ClassNotFoundException': org/gradle/api/internal/artifacts/dsl/dependencies/DefaultDependencyHandler_DecoratedBeanInfo> (0x00000000e07c6420) thrown at [C:\jenkins\workspace\8-2-build-windows-x64-cygwin-sans-NAS\jdk8u381\237\hotspot
Event: 6.846 Thread 0x0000021a2d02d000 Exception <a 'java/lang/ClassNotFoundException': org/gradle/api/internal/artifacts/dsl/dependencies/DefaultDependencyHandlerBeanInfo> (0x00000000e0823138) thrown at [C:\jenkins\workspace\8-2-build-windows-x64-cygwin-sans-NAS\jdk8u381\237\hotspot\src\share
Event: 6.846 Thread 0x0000021a2d02d000 Exception <a 'java/lang/ClassNotFoundException': org/gradle/api/internal/artifacts/dsl/dependencies/DefaultDependencyHandlerCustomizer> (0x00000000e0881128) thrown at [C:\jenkins\workspace\8-2-build-windows-x64-cygwin-sans-NAS\jdk8u381\237\hotspot\src\sha
Event: 6.855 Thread 0x0000021a2d02d000 Exception <a 'java/lang/ClassNotFoundException': org/gradle/api/internal/artifacts/dsl/dependencies/DefaultDependencyHandler_DecoratedCustomizer> (0x00000000e090a650) thrown at [C:\jenkins\workspace\8-2-build-windows-x64-cygwin-sans-NAS\jdk8u381\237\hotsp
Event: 6.983 Thread 0x0000021a2d02d000 Exception <a 'java/lang/NoSuchMethodError': java.lang.Object.lambda$static$0(Lorg/gradle/api/internal/artifacts/configurations/MutationValidator$MutationType;)V> (0x00000000e0ff8280) thrown at [C:\jenkins\workspace\8-2-build-windows-x64-cygwin-sans-NAS\jd
Event: 7.298 Thread 0x0000021a2d02d000 Exception <a 'java/lang/NoSuchMethodError': java.lang.Object.lambda$static$0(Lorg/gradle/internal/component/model/DependencyMetadata;)Lorg/gradle/api/internal/artifacts/ivyservice/dependencysubstitution/DependencySubstitutionApplicator$SubstitutionResult;
Event: 7.441 Thread 0x0000021a2d02d000 Exception <a 'java/lang/IncompatibleClassChangeError': Found class java.lang.Object, but interface was expected> (0x00000000e2794b08) thrown at [C:\jenkins\workspace\8-2-build-windows-x64-cygwin-sans-NAS\jdk8u381\237\hotspot\src\share\vm\interpreter\linkR
Event: 7.442 Thread 0x0000021a2d02d000 Exception <a 'java/lang/NoSuchMethodError': java.lang.Object.lambda$thenComparing$36697e65$1(Ljava/util/Comparator;Ljava/lang/Object;Ljava/lang/Object;)I> (0x00000000e27a0620) thrown at [C:\jenkins\workspace\8-2-build-windows-x64-cygwin-sans-NAS\jdk8u381\
Event: 7.641 Thread 0x0000021a2d02d000 Exception <a 'java/lang/NoSuchMethodError': java.lang.Object.lambda$static$0()Z> (0x00000000e3245138) thrown at [C:\jenkins\workspace\8-2-build-windows-x64-cygwin-sans-NAS\jdk8u381\237\hotspot\src\share\vm\interpreter\linkResolver.cpp, line 620]

Events (10 events):
Event: 7.650 loading class org/gradle/internal/component/model/AttributeConfigurationSelector$MatchResult
Event: 7.650 loading class org/gradle/internal/component/model/AttributeConfigurationSelector$MatchResult done
Event: 7.651 loading class org/gradle/internal/component/model/ComponentAttributeMatcher$CachedQuery
Event: 7.651 loading class org/gradle/internal/component/model/ComponentAttributeMatcher$CachedQuery done
Event: 7.651 loading class org/gradle/internal/component/model/MultipleCandidateMatcher
Event: 7.651 loading class org/gradle/internal/component/model/MultipleCandidateMatcher done
Event: 7.653 loading class org/gradle/internal/component/model/DefaultCompatibilityCheckResult
Event: 7.653 loading class org/gradle/internal/component/model/DefaultCompatibilityCheckResult done
Event: 7.654 loading class org/gradle/internal/component/model/MultipleCandidateMatcher$MatchResult
Event: 7.654 loading class org/gradle/internal/component/model/MultipleCandidateMatcher$MatchResult done


Dynamic libraries:
0x00007ff7da060000 - 0x00007ff7da0aa000 	E:\Java\bin\java.exe
0x00007ffe90070000 - 0x00007ffe90287000 	C:\Windows\SYSTEM32\ntdll.dll
0x00007ffe8f4d0000 - 0x00007ffe8f594000 	C:\Windows\System32\KERNEL32.DLL
0x00007ffe8d480000 - 0x00007ffe8d826000 	C:\Windows\System32\KERNELBASE.dll
0x00007ffe8eb60000 - 0x00007ffe8ec11000 	C:\Windows\System32\ADVAPI32.dll
0x00007ffe8ff80000 - 0x00007ffe90027000 	C:\Windows\System32\msvcrt.dll
0x00007ffe8ddd0000 - 0x00007ffe8de75000 	C:\Windows\System32\sechost.dll
0x00007ffe8edf0000 - 0x00007ffe8ef07000 	C:\Windows\System32\RPCRT4.dll
0x00007ffe8ef10000 - 0x00007ffe8f0be000 	C:\Windows\System32\USER32.dll
0x00007ffe8dc00000 - 0x00007ffe8dc26000 	C:\Windows\System32\win32u.dll
0x00007ffe8fee0000 - 0x00007ffe8ff09000 	C:\Windows\System32\GDI32.dll
0x00007ffe8dca0000 - 0x00007ffe8ddb8000 	C:\Windows\System32\gdi32full.dll
0x00007ffe8d3e0000 - 0x00007ffe8d47a000 	C:\Windows\System32\msvcp_win.dll
0x00007ffe8d970000 - 0x00007ffe8da81000 	C:\Windows\System32\ucrtbase.dll
0x00007ffe757d0000 - 0x00007ffe75a63000 	C:\Windows\WinSxS\amd64_microsoft.windows.common-controls_6595b64144ccf1df_6.0.22621.2506_none_270c5ae97388e100\COMCTL32.dll
0x00007ffe8f5b0000 - 0x00007ffe8f5e1000 	C:\Windows\System32\IMM32.DLL
0x00007ffe88070000 - 0x00007ffe8808b000 	E:\Java\jre\bin\vcruntime140.dll
0x00007ffe880a0000 - 0x00007ffe880ac000 	E:\Java\jre\bin\vcruntime140_1.dll
0x00007ffe7a8f0000 - 0x00007ffe7a97e000 	E:\Java\jre\bin\msvcp140.dll
0x00007ffe4edb0000 - 0x00007ffe4f660000 	E:\Java\jre\bin\server\jvm.dll
0x00007ffe8f5a0000 - 0x00007ffe8f5a8000 	C:\Windows\System32\PSAPI.DLL
0x00007ffe88090000 - 0x00007ffe88099000 	C:\Windows\SYSTEM32\WSOCK32.dll
0x00007ffe8ec40000 - 0x00007ffe8ecb1000 	C:\Windows\System32\WS2_32.dll
0x00007ffe869f0000 - 0x00007ffe86a24000 	C:\Windows\SYSTEM32\WINMM.dll
0x00007ffe86d90000 - 0x00007ffe86d9a000 	C:\Windows\SYSTEM32\VERSION.dll
0x00007ffe8c4d0000 - 0x00007ffe8c4e8000 	C:\Windows\SYSTEM32\kernel.appcore.dll
0x00007ffe87e70000 - 0x00007ffe87e80000 	E:\Java\jre\bin\verify.dll
0x00007ffe87df0000 - 0x00007ffe87e1b000 	E:\Java\jre\bin\java.dll
0x00007ffe7e7e0000 - 0x00007ffe7e7f8000 	E:\Java\jre\bin\zip.dll
0x00007ffe8f680000 - 0x00007ffe8feda000 	C:\Windows\System32\SHELL32.dll
0x00007ffe8b300000 - 0x00007ffe8bbf6000 	C:\Windows\SYSTEM32\windows.storage.dll
0x00007ffe8f140000 - 0x00007ffe8f4c9000 	C:\Windows\System32\combase.dll
0x00007ffe8b1c0000 - 0x00007ffe8b2fe000 	C:\Windows\SYSTEM32\wintypes.dll
0x00007ffe8e520000 - 0x00007ffe8e613000 	C:\Windows\System32\SHCORE.dll
0x00007ffe8eb00000 - 0x00007ffe8eb5e000 	C:\Windows\System32\shlwapi.dll
0x00007ffe8d310000 - 0x00007ffe8d336000 	C:\Windows\SYSTEM32\profapi.dll
0x00007ffe7e7c0000 - 0x00007ffe7e7dc000 	E:\Java\jre\bin\net.dll
0x00007ffe8c950000 - 0x00007ffe8c9b9000 	C:\Windows\system32\mswsock.dll
0x00007ffe7e1c0000 - 0x00007ffe7e1d3000 	E:\Java\jre\bin\nio.dll
0x00007ffe7be90000 - 0x00007ffe7beb7000 	C:\Users\50163\.gradle\native\fdc75f09e3144964f2cf3f50f0aa648679c211496f362492102eb8c894070792\windows-amd64\native-platform.dll
0x00007ffe4e550000 - 0x00007ffe4e6e6000 	C:\Users\50163\.gradle\native\12488b8bf47d2d4c9fbf2f6322a914ad602e24e48041cd04a747c6da556b65c4\windows-amd64\native-platform-file-events.dll
0x00007ffe7be70000 - 0x00007ffe7be7d000 	E:\Java\jre\bin\management.dll
0x00007ffe8cbb0000 - 0x00007ffe8cbcb000 	C:\Windows\SYSTEM32\CRYPTSP.dll
0x00007ffe8c430000 - 0x00007ffe8c465000 	C:\Windows\system32\rsaenh.dll
0x00007ffe8ca40000 - 0x00007ffe8ca6c000 	C:\Windows\SYSTEM32\USERENV.dll
0x00007ffe8cd90000 - 0x00007ffe8cdb8000 	C:\Windows\SYSTEM32\bcrypt.dll
0x00007ffe8d830000 - 0x00007ffe8d8aa000 	C:\Windows\System32\bcryptprimitives.dll
0x00007ffe8cba0000 - 0x00007ffe8cbac000 	C:\Windows\SYSTEM32\CRYPTBASE.dll
0x00007ffe8bee0000 - 0x00007ffe8bf0d000 	C:\Windows\SYSTEM32\IPHLPAPI.DLL
0x00007ffe8e6d0000 - 0x00007ffe8e6d9000 	C:\Windows\System32\NSI.dll
0x00007ffe869d0000 - 0x00007ffe869e9000 	C:\Windows\SYSTEM32\dhcpcsvc6.DLL
0x00007ffe86870000 - 0x00007ffe8688f000 	C:\Windows\SYSTEM32\dhcpcsvc.DLL
0x00007ffe8bf50000 - 0x00007ffe8c049000 	C:\Windows\SYSTEM32\DNSAPI.dll
0x00007ffe8a4f0000 - 0x00007ffe8a4fd000 	C:\Windows\SYSTEM32\WINNSI.DLL

VM Arguments:
jvm_args: -Xmx1536m -Dfile.encoding=GBK -Duser.country=US -Duser.language=en -Duser.variant 
java_command: org.gradle.launcher.daemon.bootstrap.GradleDaemon 6.7.1
java_class_path (initial): C:\Users\50163\.gradle\wrapper\dists\gradle-6.7.1-all\2moa8rlfac5eqlcfgk98k0deb\gradle-6.7.1\lib\gradle-launcher-6.7.1.jar
Launcher Type: SUN_STANDARD

Environment Variables:
JAVA_HOME=E:\Java
JRE_HOME=E:\Java\JAVA_jre
CLASSPATH=.;E:\Javalibdt.jar;E:\Javalib\tools.jar
PATH=E:\Tool\apache-maven-3.9.5\bin;E:\Java\bin;C:\Program Files (x86)\Common Files\Oracle\Java\javapath;D:\Professional software\PYTHON\Scripts\;D:\Professional software\PYTHON\;D:\Professional software\VMware\install\bin\;C:\Program Files (x86)\Common Files\Intel\Shared Libraries\redist\intel64\compiler;C:\Windows\system32;C:\Windows;C:\Windows\System32\Wbem;C:\Windows\System32\WindowsPowerShell\v1.0\;D:\应用软件\BANDIZIP\install\Bandizip\;C:\;rogram Files\Common Files\Autodesk Shared\;C:\Program Files\Microsoft SQL Server\120\Tools\Binn\;C:\Program Files (x86)\dotnet\;D:\Professional software\Mysql\install\bin;E:\Java\JAVA_jre;D:\应用软件\腾讯软件\QQ\file_guanli\apache-tomcat-8.5.83\bin;E:\Java\bin;D:\Professional software\Mysql\install\mysql-8.0.21-winx64\bin;C:\Program Files (x86)\STMicroelectronics\STM32 ST-LINK Utility\ST-LINK Utility;E:\Tool\Git\Git\cmd;E:\Tool\Git\Git_CLI\;E:\Tool\OS\Putty\;E:\Tool\SQLyog\SQLyog Community;C:\Users\50163\AppData\Local\Microsoft\WindowsApps;D:\Professional software\programming\PyCharm\PyCharm Community Edition 2022.2.2\bin;;D:\应用软件\腾讯软件\QQ\install\Bin;
USERNAME=50163
OS=Windows_NT
PROCESSOR_IDENTIFIER=Intel64 Family 6 Model 165 Stepping 2, GenuineIntel



---------------  S Y S T E M  ---------------

OS: Windows 11 , 64 bit Build 22621 (10.0.22621.2506)

CPU:total 8 (initial active 8) (4 cores per cpu, 2 threads per core) family 6 model 165 stepping 2, cmov, cx8, fxsr, mmx, sse, sse2, sse3, ssse3, sse4.1, sse4.2, popcnt, avx, avx2, aes, clmul, erms, 3dnowpref, lzcnt, ht, tsc, tscinvbit, bmi1, bmi2, adx

Memory: 4k page, physical 8218008k(330924k free), swap 21983936k(544k free)

vm_info: Java HotSpot(TM) 64-Bit Server VM (25.381-b09) for windows-amd64 JRE (1.8.0_381-b09), built on Jun 14 2023 13:50:38 by "java_re" with MS VC++ 17.1 (VS2022)

time: Thu Dec 21 16:47:31 2023
timezone: Intel64 Family 6 Model 165 Stepping 2, GenuineIntel
elapsed time: 7.668058 seconds (0d 0h 0m 7s)

